The system is: Linux - 4.4.0-83-generic - x86_64
Compiling the C compiler identification source file "CMakeCCompilerId.c" succeeded.
Compiler: /opt/poky/2.1/sysroots/x86_64-pokysdk-linux/usr/bin/arm-poky-linux-gnueabi/arm-poky-linux-gnueabi-gcc -march=armv7-a;-mfpu=neon;-mfloat-abi=hard;-mcpu=cortex-a9;--sysroot=/opt/poky/2.1/sysroots/cortexa9hf-neon-poky-linux-gnueabi
Build flags: ;-O2;-pipe;-g;-feliminate-unused-debug-types;-fdebug-prefix-map=/home/rd4/work/bsp/s4_stable/build/tmp/work/x86_64-nativesdk-pokysdk-linux/meta-environment-s4/1.0-r8=/usr/src/debug/meta-environment-s4/1.0-r8;-fdebug-prefix-map=/home/rd4/work/bsp/s4_stable/build/tmp/sysroots/x86_64-linux=;-fdebug-prefix-map=/home/rd4/work/bsp/s4_stable/build/tmp/sysroots/x86_64-nativesdk-pokysdk-linux=;
Id flags: 

The output was:
0


Compilation of the C compiler identification source "CMakeCCompilerId.c" produced "a.out"

The C compiler identification is GNU, found in "/home/rd7/work/c_cpp/sitec-c-cpp/can/build/CMakeFiles/3.5.1/CompilerIdC/a.out"

Compiling the CXX compiler identification source file "CMakeCXXCompilerId.cpp" succeeded.
Compiler: /opt/poky/2.1/sysroots/x86_64-pokysdk-linux/usr/bin/arm-poky-linux-gnueabi/arm-poky-linux-gnueabi-g++ -march=armv7-a;-mfpu=neon;-mfloat-abi=hard;-mcpu=cortex-a9;--sysroot=/opt/poky/2.1/sysroots/cortexa9hf-neon-poky-linux-gnueabi
Build flags: ;-O2;-pipe;-g;-feliminate-unused-debug-types;-fdebug-prefix-map=/home/rd4/work/bsp/s4_stable/build/tmp/work/x86_64-nativesdk-pokysdk-linux/meta-environment-s4/1.0-r8=/usr/src/debug/meta-environment-s4/1.0-r8;-fdebug-prefix-map=/home/rd4/work/bsp/s4_stable/build/tmp/sysroots/x86_64-linux=;-fdebug-prefix-map=/home/rd4/work/bsp/s4_stable/build/tmp/sysroots/x86_64-nativesdk-pokysdk-linux=;
Id flags: 

The output was:
0


Compilation of the CXX compiler identification source "CMakeCXXCompilerId.cpp" produced "a.out"

The CXX compiler identification is GNU, found in "/home/rd7/work/c_cpp/sitec-c-cpp/can/build/CMakeFiles/3.5.1/CompilerIdCXX/a.out"

Determining if the C compiler works passed with the following output:
Change Dir: /home/rd7/work/c_cpp/sitec-c-cpp/can/build/CMakeFiles/CMakeTmp

Run Build Command:"/usr/bin/make" "cmTC_27d8f/fast"
/usr/bin/make -f CMakeFiles/cmTC_27d8f.dir/build.make CMakeFiles/cmTC_27d8f.dir/build
make[1]: Verzeichnis „/home/rd7/work/c_cpp/sitec-c-cpp/can/build/CMakeFiles/CMakeTmp“ wird betreten
Building C object CMakeFiles/cmTC_27d8f.dir/testCCompiler.c.o
/opt/poky/2.1/sysroots/x86_64-pokysdk-linux/usr/bin/arm-poky-linux-gnueabi/arm-poky-linux-gnueabi-gcc   -march=armv7-a -mfpu=neon  -mfloat-abi=hard -mcpu=cortex-a9 --sysroot=/opt/poky/2.1/sysroots/cortexa9hf-neon-poky-linux-gnueabi   -O2 -pipe -g -feliminate-unused-debug-types -fdebug-prefix-map=/home/rd4/work/bsp/s4_stable/build/tmp/work/x86_64-nativesdk-pokysdk-linux/meta-environment-s4/1.0-r8=/usr/src/debug/meta-environment-s4/1.0-r8 -fdebug-prefix-map=/home/rd4/work/bsp/s4_stable/build/tmp/sysroots/x86_64-linux= -fdebug-prefix-map=/home/rd4/work/bsp/s4_stable/build/tmp/sysroots/x86_64-nativesdk-pokysdk-linux=      -o CMakeFiles/cmTC_27d8f.dir/testCCompiler.c.o   -c /home/rd7/work/c_cpp/sitec-c-cpp/can/build/CMakeFiles/CMakeTmp/testCCompiler.c
Linking C executable cmTC_27d8f
/usr/bin/cmake -E cmake_link_script CMakeFiles/cmTC_27d8f.dir/link.txt --verbose=1
/opt/poky/2.1/sysroots/x86_64-pokysdk-linux/usr/bin/arm-poky-linux-gnueabi/arm-poky-linux-gnueabi-gcc   -march=armv7-a -mfpu=neon  -mfloat-abi=hard -mcpu=cortex-a9 --sysroot=/opt/poky/2.1/sysroots/cortexa9hf-neon-poky-linux-gnueabi  -O2 -pipe -g -feliminate-unused-debug-types -fdebug-prefix-map=/home/rd4/work/bsp/s4_stable/build/tmp/work/x86_64-nativesdk-pokysdk-linux/meta-environment-s4/1.0-r8=/usr/src/debug/meta-environment-s4/1.0-r8 -fdebug-prefix-map=/home/rd4/work/bsp/s4_stable/build/tmp/sysroots/x86_64-linux= -fdebug-prefix-map=/home/rd4/work/bsp/s4_stable/build/tmp/sysroots/x86_64-nativesdk-pokysdk-linux=      -Wl,-O1 -Wl,--hash-style=gnu -Wl,--as-needed  CMakeFiles/cmTC_27d8f.dir/testCCompiler.c.o  -o cmTC_27d8f -rdynamic 
make[1]: Verzeichnis „/home/rd7/work/c_cpp/sitec-c-cpp/can/build/CMakeFiles/CMakeTmp“ wird verlassen


Detecting C compiler ABI info compiled with the following output:
Change Dir: /home/rd7/work/c_cpp/sitec-c-cpp/can/build/CMakeFiles/CMakeTmp

Run Build Command:"/usr/bin/make" "cmTC_fcc01/fast"
/usr/bin/make -f CMakeFiles/cmTC_fcc01.dir/build.make CMakeFiles/cmTC_fcc01.dir/build
make[1]: Verzeichnis „/home/rd7/work/c_cpp/sitec-c-cpp/can/build/CMakeFiles/CMakeTmp“ wird betreten
Building C object CMakeFiles/cmTC_fcc01.dir/CMakeCCompilerABI.c.o
/opt/poky/2.1/sysroots/x86_64-pokysdk-linux/usr/bin/arm-poky-linux-gnueabi/arm-poky-linux-gnueabi-gcc   -march=armv7-a -mfpu=neon  -mfloat-abi=hard -mcpu=cortex-a9 --sysroot=/opt/poky/2.1/sysroots/cortexa9hf-neon-poky-linux-gnueabi   -O2 -pipe -g -feliminate-unused-debug-types -fdebug-prefix-map=/home/rd4/work/bsp/s4_stable/build/tmp/work/x86_64-nativesdk-pokysdk-linux/meta-environment-s4/1.0-r8=/usr/src/debug/meta-environment-s4/1.0-r8 -fdebug-prefix-map=/home/rd4/work/bsp/s4_stable/build/tmp/sysroots/x86_64-linux= -fdebug-prefix-map=/home/rd4/work/bsp/s4_stable/build/tmp/sysroots/x86_64-nativesdk-pokysdk-linux=      -o CMakeFiles/cmTC_fcc01.dir/CMakeCCompilerABI.c.o   -c /usr/share/cmake-3.5/Modules/CMakeCCompilerABI.c
Linking C executable cmTC_fcc01
/usr/bin/cmake -E cmake_link_script CMakeFiles/cmTC_fcc01.dir/link.txt --verbose=1
/opt/poky/2.1/sysroots/x86_64-pokysdk-linux/usr/bin/arm-poky-linux-gnueabi/arm-poky-linux-gnueabi-gcc   -march=armv7-a -mfpu=neon  -mfloat-abi=hard -mcpu=cortex-a9 --sysroot=/opt/poky/2.1/sysroots/cortexa9hf-neon-poky-linux-gnueabi  -O2 -pipe -g -feliminate-unused-debug-types -fdebug-prefix-map=/home/rd4/work/bsp/s4_stable/build/tmp/work/x86_64-nativesdk-pokysdk-linux/meta-environment-s4/1.0-r8=/usr/src/debug/meta-environment-s4/1.0-r8 -fdebug-prefix-map=/home/rd4/work/bsp/s4_stable/build/tmp/sysroots/x86_64-linux= -fdebug-prefix-map=/home/rd4/work/bsp/s4_stable/build/tmp/sysroots/x86_64-nativesdk-pokysdk-linux=      -Wl,-O1 -Wl,--hash-style=gnu -Wl,--as-needed -v CMakeFiles/cmTC_fcc01.dir/CMakeCCompilerABI.c.o  -o cmTC_fcc01 -rdynamic  
Using built-in specs.
COLLECT_GCC=/opt/poky/2.1/sysroots/x86_64-pokysdk-linux/usr/bin/arm-poky-linux-gnueabi/arm-poky-linux-gnueabi-gcc
COLLECT_LTO_WRAPPER=/opt/poky/2.1/sysroots/x86_64-pokysdk-linux/usr/libexec/arm-poky-linux-gnueabi/gcc/arm-poky-linux-gnueabi/5.3.0/lto-wrapper
Target: arm-poky-linux-gnueabi
Configured with: ../../../../../../work-shared/gcc-5.3.0-r0/gcc-5.3.0/configure --build=x86_64-linux --host=x86_64-pokysdk-linux --target=arm-poky-linux-gnueabi --prefix=/opt/poky/2.1/sysroots/x86_64-pokysdk-linux/usr --exec_prefix=/opt/poky/2.1/sysroots/x86_64-pokysdk-linux/usr --bindir=/opt/poky/2.1/sysroots/x86_64-pokysdk-linux/usr/bin/arm-poky-linux-gnueabi --sbindir=/opt/poky/2.1/sysroots/x86_64-pokysdk-linux/usr/bin/arm-poky-linux-gnueabi --libexecdir=/opt/poky/2.1/sysroots/x86_64-pokysdk-linux/usr/libexec/arm-poky-linux-gnueabi --datadir=/opt/poky/2.1/sysroots/x86_64-pokysdk-linux/usr/share --sysconfdir=/opt/poky/2.1/sysroots/x86_64-pokysdk-linux/etc --sharedstatedir=/opt/poky/2.1/sysroots/x86_64-pokysdk-linux/com --localstatedir=/opt/poky/2.1/sysroots/x86_64-pokysdk-linux/var --libdir=/opt/poky/2.1/sysroots/x86_64-pokysdk-linux/usr/lib/arm-poky-linux-gnueabi --includedir=/opt/poky/2.1/sysroots/x86_64-pokysdk-linux/usr/include --oldincludedir=/opt/poky/2.1/sysroots/x86_64-pokysdk-linux/usr/include --infodir=/opt/poky/2.1/sysroots/x86_64-pokysdk-linux/usr/share/info --mandir=/opt/poky/2.1/sysroots/x86_64-pokysdk-linux/usr/share/man --disable-silent-rules --disable-dependency-tracking --with-libtool-sysroot=/home/rd4/work/bsp/s4_stable/build/tmp/sysroots/x86_64-nativesdk-pokysdk-linux --with-gnu-ld --enable-shared --enable-languages=c,c++ --enable-threads=posix --enable-multilib --enable-c99 --enable-long-long --enable-symvers=gnu --enable-libstdcxx-pch --program-prefix=arm-poky-linux-gnueabi- --without-local-prefix --enable-lto --enable-libssp --enable-libitm --disable-bootstrap --disable-libmudflap --with-system-zlib --with-linker-hash-style=gnu --enable-linker-build-id --with-ppl=no --with-cloog=no --enable-checking=release --enable-cheaders=c_global --without-isl --with-gxx-include-dir=/not/exist/usr/include/c++/5.3.0 --with-build-time-tools=/home/rd4/work/bsp/s4_stable/build/tmp/sysroots/x86_64-linux/usr/arm-poky-linux-gnueabi/bin --with-sysroot=/not/exist --with-build-sysroot=/home/rd4/work/bsp/s4_stable/build/tmp/sysroots/s4 --enable-poison-system-directories --with-mpfr=/home/rd4/work/bsp/s4_stable/build/tmp/sysroots/x86_64-nativesdk-pokysdk-linux --with-mpc=/home/rd4/work/bsp/s4_stable/build/tmp/sysroots/x86_64-nativesdk-pokysdk-linux --disable-static --enable-nls --with-arch=armv7-a
Thread model: posix
gcc version 5.3.0 (GCC) 
COMPILER_PATH=/opt/poky/2.1/sysroots/x86_64-pokysdk-linux/usr/libexec/arm-poky-linux-gnueabi/gcc/arm-poky-linux-gnueabi/5.3.0/:/opt/poky/2.1/sysroots/x86_64-pokysdk-linux/usr/libexec/arm-poky-linux-gnueabi/gcc/arm-poky-linux-gnueabi/5.3.0/:/opt/poky/2.1/sysroots/x86_64-pokysdk-linux/usr/libexec/arm-poky-linux-gnueabi/gcc/arm-poky-linux-gnueabi/:/opt/poky/2.1/sysroots/x86_64-pokysdk-linux/usr/lib/arm-poky-linux-gnueabi/gcc/arm-poky-linux-gnueabi/5.3.0/:/opt/poky/2.1/sysroots/x86_64-pokysdk-linux/usr/lib/arm-poky-linux-gnueabi/gcc/arm-poky-linux-gnueabi/
LIBRARY_PATH=/opt/poky/2.1/sysroots/x86_64-pokysdk-linux/usr/lib/arm-poky-linux-gnueabi/gcc/arm-poky-linux-gnueabi/5.3.0/:/opt/poky/2.1/sysroots/cortexa9hf-neon-poky-linux-gnueabi/lib/:/opt/poky/2.1/sysroots/cortexa9hf-neon-poky-linux-gnueabi/usr/lib/arm-poky-linux-gnueabi/5.3.0/:/opt/poky/2.1/sysroots/cortexa9hf-neon-poky-linux-gnueabi/usr/lib/
COLLECT_GCC_OPTIONS='--sysroot=/opt/poky/2.1/sysroots/cortexa9hf-neon-poky-linux-gnueabi' '-march=armv7-a' '-mfpu=neon' '-mfloat-abi=hard' '-mcpu=cortex-a9' '-O2' '-pipe' '-g' '-feliminate-unused-debug-types' '-fdebug-prefix-map=/home/rd4/work/bsp/s4_stable/build/tmp/work/x86_64-nativesdk-pokysdk-linux/meta-environment-s4/1.0-r8=/usr/src/debug/meta-environment-s4/1.0-r8' '-fdebug-prefix-map=/home/rd4/work/bsp/s4_stable/build/tmp/sysroots/x86_64-linux=' '-fdebug-prefix-map=/home/rd4/work/bsp/s4_stable/build/tmp/sysroots/x86_64-nativesdk-pokysdk-linux=' '-v' '-o' 'cmTC_fcc01' '-rdynamic' '-mtls-dialect=gnu'
 /opt/poky/2.1/sysroots/x86_64-pokysdk-linux/usr/libexec/arm-poky-linux-gnueabi/gcc/arm-poky-linux-gnueabi/5.3.0/collect2 -plugin /opt/poky/2.1/sysroots/x86_64-pokysdk-linux/usr/libexec/arm-poky-linux-gnueabi/gcc/arm-poky-linux-gnueabi/5.3.0/liblto_plugin.so -plugin-opt=/opt/poky/2.1/sysroots/x86_64-pokysdk-linux/usr/libexec/arm-poky-linux-gnueabi/gcc/arm-poky-linux-gnueabi/5.3.0/lto-wrapper -plugin-opt=-fresolution=/tmp/ccN7QrEt.res -plugin-opt=-pass-through=-lgcc -plugin-opt=-pass-through=-lgcc_s -plugin-opt=-pass-through=-lc -plugin-opt=-pass-through=-lgcc -plugin-opt=-pass-through=-lgcc_s --sysroot=/opt/poky/2.1/sysroots/cortexa9hf-neon-poky-linux-gnueabi --build-id --eh-frame-hdr --hash-style=gnu -export-dynamic -dynamic-linker /lib/ld-linux-armhf.so.3 -X -m armelf_linux_eabi -o cmTC_fcc01 /opt/poky/2.1/sysroots/cortexa9hf-neon-poky-linux-gnueabi/usr/lib/crt1.o /opt/poky/2.1/sysroots/cortexa9hf-neon-poky-linux-gnueabi/usr/lib/crti.o /opt/poky/2.1/sysroots/cortexa9hf-neon-poky-linux-gnueabi/usr/lib/arm-poky-linux-gnueabi/5.3.0/crtbegin.o -L/opt/poky/2.1/sysroots/x86_64-pokysdk-linux/usr/lib/arm-poky-linux-gnueabi/gcc/arm-poky-linux-gnueabi/5.3.0 -L/opt/poky/2.1/sysroots/cortexa9hf-neon-poky-linux-gnueabi/lib -L/opt/poky/2.1/sysroots/cortexa9hf-neon-poky-linux-gnueabi/usr/lib/arm-poky-linux-gnueabi/5.3.0 -L/opt/poky/2.1/sysroots/cortexa9hf-neon-poky-linux-gnueabi/usr/lib -O1 --hash-style=gnu --as-needed CMakeFiles/cmTC_fcc01.dir/CMakeCCompilerABI.c.o -lgcc --as-needed -lgcc_s --no-as-needed -lc -lgcc --as-needed -lgcc_s --no-as-needed /opt/poky/2.1/sysroots/cortexa9hf-neon-poky-linux-gnueabi/usr/lib/arm-poky-linux-gnueabi/5.3.0/crtend.o /opt/poky/2.1/sysroots/cortexa9hf-neon-poky-linux-gnueabi/usr/lib/crtn.o
make[1]: Verzeichnis „/home/rd7/work/c_cpp/sitec-c-cpp/can/build/CMakeFiles/CMakeTmp“ wird verlassen


Parsed C implicit link information from above output:
  link line regex: [^( *|.*[/\])(ld|([^/\]+-)?ld|collect2)[^/\]*( |$)]
  ignore line: [Change Dir: /home/rd7/work/c_cpp/sitec-c-cpp/can/build/CMakeFiles/CMakeTmp]
  ignore line: []
  ignore line: [Run Build Command:"/usr/bin/make" "cmTC_fcc01/fast"]
  ignore line: [/usr/bin/make -f CMakeFiles/cmTC_fcc01.dir/build.make CMakeFiles/cmTC_fcc01.dir/build]
  ignore line: [make[1]: Verzeichnis „/home/rd7/work/c_cpp/sitec-c-cpp/can/build/CMakeFiles/CMakeTmp“ wird betreten]
  ignore line: [Building C object CMakeFiles/cmTC_fcc01.dir/CMakeCCompilerABI.c.o]
  ignore line: [/opt/poky/2.1/sysroots/x86_64-pokysdk-linux/usr/bin/arm-poky-linux-gnueabi/arm-poky-linux-gnueabi-gcc   -march=armv7-a -mfpu=neon  -mfloat-abi=hard -mcpu=cortex-a9 --sysroot=/opt/poky/2.1/sysroots/cortexa9hf-neon-poky-linux-gnueabi   -O2 -pipe -g -feliminate-unused-debug-types -fdebug-prefix-map=/home/rd4/work/bsp/s4_stable/build/tmp/work/x86_64-nativesdk-pokysdk-linux/meta-environment-s4/1.0-r8=/usr/src/debug/meta-environment-s4/1.0-r8 -fdebug-prefix-map=/home/rd4/work/bsp/s4_stable/build/tmp/sysroots/x86_64-linux= -fdebug-prefix-map=/home/rd4/work/bsp/s4_stable/build/tmp/sysroots/x86_64-nativesdk-pokysdk-linux=      -o CMakeFiles/cmTC_fcc01.dir/CMakeCCompilerABI.c.o   -c /usr/share/cmake-3.5/Modules/CMakeCCompilerABI.c]
  ignore line: [Linking C executable cmTC_fcc01]
  ignore line: [/usr/bin/cmake -E cmake_link_script CMakeFiles/cmTC_fcc01.dir/link.txt --verbose=1]
  ignore line: [/opt/poky/2.1/sysroots/x86_64-pokysdk-linux/usr/bin/arm-poky-linux-gnueabi/arm-poky-linux-gnueabi-gcc   -march=armv7-a -mfpu=neon  -mfloat-abi=hard -mcpu=cortex-a9 --sysroot=/opt/poky/2.1/sysroots/cortexa9hf-neon-poky-linux-gnueabi  -O2 -pipe -g -feliminate-unused-debug-types -fdebug-prefix-map=/home/rd4/work/bsp/s4_stable/build/tmp/work/x86_64-nativesdk-pokysdk-linux/meta-environment-s4/1.0-r8=/usr/src/debug/meta-environment-s4/1.0-r8 -fdebug-prefix-map=/home/rd4/work/bsp/s4_stable/build/tmp/sysroots/x86_64-linux= -fdebug-prefix-map=/home/rd4/work/bsp/s4_stable/build/tmp/sysroots/x86_64-nativesdk-pokysdk-linux=      -Wl,-O1 -Wl,--hash-style=gnu -Wl,--as-needed -v CMakeFiles/cmTC_fcc01.dir/CMakeCCompilerABI.c.o  -o cmTC_fcc01 -rdynamic  ]
  ignore line: [Using built-in specs.]
  ignore line: [COLLECT_GCC=/opt/poky/2.1/sysroots/x86_64-pokysdk-linux/usr/bin/arm-poky-linux-gnueabi/arm-poky-linux-gnueabi-gcc]
  ignore line: [COLLECT_LTO_WRAPPER=/opt/poky/2.1/sysroots/x86_64-pokysdk-linux/usr/libexec/arm-poky-linux-gnueabi/gcc/arm-poky-linux-gnueabi/5.3.0/lto-wrapper]
  ignore line: [Target: arm-poky-linux-gnueabi]
  ignore line: [Configured with: ../../../../../../work-shared/gcc-5.3.0-r0/gcc-5.3.0/configure --build=x86_64-linux --host=x86_64-pokysdk-linux --target=arm-poky-linux-gnueabi --prefix=/opt/poky/2.1/sysroots/x86_64-pokysdk-linux/usr --exec_prefix=/opt/poky/2.1/sysroots/x86_64-pokysdk-linux/usr --bindir=/opt/poky/2.1/sysroots/x86_64-pokysdk-linux/usr/bin/arm-poky-linux-gnueabi --sbindir=/opt/poky/2.1/sysroots/x86_64-pokysdk-linux/usr/bin/arm-poky-linux-gnueabi --libexecdir=/opt/poky/2.1/sysroots/x86_64-pokysdk-linux/usr/libexec/arm-poky-linux-gnueabi --datadir=/opt/poky/2.1/sysroots/x86_64-pokysdk-linux/usr/share --sysconfdir=/opt/poky/2.1/sysroots/x86_64-pokysdk-linux/etc --sharedstatedir=/opt/poky/2.1/sysroots/x86_64-pokysdk-linux/com --localstatedir=/opt/poky/2.1/sysroots/x86_64-pokysdk-linux/var --libdir=/opt/poky/2.1/sysroots/x86_64-pokysdk-linux/usr/lib/arm-poky-linux-gnueabi --includedir=/opt/poky/2.1/sysroots/x86_64-pokysdk-linux/usr/include --oldincludedir=/opt/poky/2.1/sysroots/x86_64-pokysdk-linux/usr/include --infodir=/opt/poky/2.1/sysroots/x86_64-pokysdk-linux/usr/share/info --mandir=/opt/poky/2.1/sysroots/x86_64-pokysdk-linux/usr/share/man --disable-silent-rules --disable-dependency-tracking --with-libtool-sysroot=/home/rd4/work/bsp/s4_stable/build/tmp/sysroots/x86_64-nativesdk-pokysdk-linux --with-gnu-ld --enable-shared --enable-languages=c,c++ --enable-threads=posix --enable-multilib --enable-c99 --enable-long-long --enable-symvers=gnu --enable-libstdcxx-pch --program-prefix=arm-poky-linux-gnueabi- --without-local-prefix --enable-lto --enable-libssp --enable-libitm --disable-bootstrap --disable-libmudflap --with-system-zlib --with-linker-hash-style=gnu --enable-linker-build-id --with-ppl=no --with-cloog=no --enable-checking=release --enable-cheaders=c_global --without-isl --with-gxx-include-dir=/not/exist/usr/include/c++/5.3.0 --with-build-time-tools=/home/rd4/work/bsp/s4_stable/build/tmp/sysroots/x86_64-linux/usr/arm-poky-linux-gnueabi/bin --with-sysroot=/not/exist --with-build-sysroot=/home/rd4/work/bsp/s4_stable/build/tmp/sysroots/s4 --enable-poison-system-directories --with-mpfr=/home/rd4/work/bsp/s4_stable/build/tmp/sysroots/x86_64-nativesdk-pokysdk-linux --with-mpc=/home/rd4/work/bsp/s4_stable/build/tmp/sysroots/x86_64-nativesdk-pokysdk-linux --disable-static --enable-nls --with-arch=armv7-a]
  ignore line: [Thread model: posix]
  ignore line: [gcc version 5.3.0 (GCC) ]
  ignore line: [COMPILER_PATH=/opt/poky/2.1/sysroots/x86_64-pokysdk-linux/usr/libexec/arm-poky-linux-gnueabi/gcc/arm-poky-linux-gnueabi/5.3.0/:/opt/poky/2.1/sysroots/x86_64-pokysdk-linux/usr/libexec/arm-poky-linux-gnueabi/gcc/arm-poky-linux-gnueabi/5.3.0/:/opt/poky/2.1/sysroots/x86_64-pokysdk-linux/usr/libexec/arm-poky-linux-gnueabi/gcc/arm-poky-linux-gnueabi/:/opt/poky/2.1/sysroots/x86_64-pokysdk-linux/usr/lib/arm-poky-linux-gnueabi/gcc/arm-poky-linux-gnueabi/5.3.0/:/opt/poky/2.1/sysroots/x86_64-pokysdk-linux/usr/lib/arm-poky-linux-gnueabi/gcc/arm-poky-linux-gnueabi/]
  ignore line: [LIBRARY_PATH=/opt/poky/2.1/sysroots/x86_64-pokysdk-linux/usr/lib/arm-poky-linux-gnueabi/gcc/arm-poky-linux-gnueabi/5.3.0/:/opt/poky/2.1/sysroots/cortexa9hf-neon-poky-linux-gnueabi/lib/:/opt/poky/2.1/sysroots/cortexa9hf-neon-poky-linux-gnueabi/usr/lib/arm-poky-linux-gnueabi/5.3.0/:/opt/poky/2.1/sysroots/cortexa9hf-neon-poky-linux-gnueabi/usr/lib/]
  ignore line: [COLLECT_GCC_OPTIONS='--sysroot=/opt/poky/2.1/sysroots/cortexa9hf-neon-poky-linux-gnueabi' '-march=armv7-a' '-mfpu=neon' '-mfloat-abi=hard' '-mcpu=cortex-a9' '-O2' '-pipe' '-g' '-feliminate-unused-debug-types' '-fdebug-prefix-map=/home/rd4/work/bsp/s4_stable/build/tmp/work/x86_64-nativesdk-pokysdk-linux/meta-environment-s4/1.0-r8=/usr/src/debug/meta-environment-s4/1.0-r8' '-fdebug-prefix-map=/home/rd4/work/bsp/s4_stable/build/tmp/sysroots/x86_64-linux=' '-fdebug-prefix-map=/home/rd4/work/bsp/s4_stable/build/tmp/sysroots/x86_64-nativesdk-pokysdk-linux=' '-v' '-o' 'cmTC_fcc01' '-rdynamic' '-mtls-dialect=gnu']
  link line: [ /opt/poky/2.1/sysroots/x86_64-pokysdk-linux/usr/libexec/arm-poky-linux-gnueabi/gcc/arm-poky-linux-gnueabi/5.3.0/collect2 -plugin /opt/poky/2.1/sysroots/x86_64-pokysdk-linux/usr/libexec/arm-poky-linux-gnueabi/gcc/arm-poky-linux-gnueabi/5.3.0/liblto_plugin.so -plugin-opt=/opt/poky/2.1/sysroots/x86_64-pokysdk-linux/usr/libexec/arm-poky-linux-gnueabi/gcc/arm-poky-linux-gnueabi/5.3.0/lto-wrapper -plugin-opt=-fresolution=/tmp/ccN7QrEt.res -plugin-opt=-pass-through=-lgcc -plugin-opt=-pass-through=-lgcc_s -plugin-opt=-pass-through=-lc -plugin-opt=-pass-through=-lgcc -plugin-opt=-pass-through=-lgcc_s --sysroot=/opt/poky/2.1/sysroots/cortexa9hf-neon-poky-linux-gnueabi --build-id --eh-frame-hdr --hash-style=gnu -export-dynamic -dynamic-linker /lib/ld-linux-armhf.so.3 -X -m armelf_linux_eabi -o cmTC_fcc01 /opt/poky/2.1/sysroots/cortexa9hf-neon-poky-linux-gnueabi/usr/lib/crt1.o /opt/poky/2.1/sysroots/cortexa9hf-neon-poky-linux-gnueabi/usr/lib/crti.o /opt/poky/2.1/sysroots/cortexa9hf-neon-poky-linux-gnueabi/usr/lib/arm-poky-linux-gnueabi/5.3.0/crtbegin.o -L/opt/poky/2.1/sysroots/x86_64-pokysdk-linux/usr/lib/arm-poky-linux-gnueabi/gcc/arm-poky-linux-gnueabi/5.3.0 -L/opt/poky/2.1/sysroots/cortexa9hf-neon-poky-linux-gnueabi/lib -L/opt/poky/2.1/sysroots/cortexa9hf-neon-poky-linux-gnueabi/usr/lib/arm-poky-linux-gnueabi/5.3.0 -L/opt/poky/2.1/sysroots/cortexa9hf-neon-poky-linux-gnueabi/usr/lib -O1 --hash-style=gnu --as-needed CMakeFiles/cmTC_fcc01.dir/CMakeCCompilerABI.c.o -lgcc --as-needed -lgcc_s --no-as-needed -lc -lgcc --as-needed -lgcc_s --no-as-needed /opt/poky/2.1/sysroots/cortexa9hf-neon-poky-linux-gnueabi/usr/lib/arm-poky-linux-gnueabi/5.3.0/crtend.o /opt/poky/2.1/sysroots/cortexa9hf-neon-poky-linux-gnueabi/usr/lib/crtn.o]
    arg [/opt/poky/2.1/sysroots/x86_64-pokysdk-linux/usr/libexec/arm-poky-linux-gnueabi/gcc/arm-poky-linux-gnueabi/5.3.0/collect2] ==> ignore
    arg [-plugin] ==> ignore
    arg [/opt/poky/2.1/sysroots/x86_64-pokysdk-linux/usr/libexec/arm-poky-linux-gnueabi/gcc/arm-poky-linux-gnueabi/5.3.0/liblto_plugin.so] ==> ignore
    arg [-plugin-opt=/opt/poky/2.1/sysroots/x86_64-pokysdk-linux/usr/libexec/arm-poky-linux-gnueabi/gcc/arm-poky-linux-gnueabi/5.3.0/lto-wrapper] ==> ignore
    arg [-plugin-opt=-fresolution=/tmp/ccN7QrEt.res] ==> ignore
    arg [-plugin-opt=-pass-through=-lgcc] ==> ignore
    arg [-plugin-opt=-pass-through=-lgcc_s] ==> ignore
    arg [-plugin-opt=-pass-through=-lc] ==> ignore
    arg [-plugin-opt=-pass-through=-lgcc] ==> ignore
    arg [-plugin-opt=-pass-through=-lgcc_s] ==> ignore
    arg [--sysroot=/opt/poky/2.1/sysroots/cortexa9hf-neon-poky-linux-gnueabi] ==> ignore
    arg [--build-id] ==> ignore
    arg [--eh-frame-hdr] ==> ignore
    arg [--hash-style=gnu] ==> ignore
    arg [-export-dynamic] ==> ignore
    arg [-dynamic-linker] ==> ignore
    arg [/lib/ld-linux-armhf.so.3] ==> ignore
    arg [-X] ==> ignore
    arg [-m] ==> ignore
    arg [armelf_linux_eabi] ==> ignore
    arg [-o] ==> ignore
    arg [cmTC_fcc01] ==> ignore
    arg [/opt/poky/2.1/sysroots/cortexa9hf-neon-poky-linux-gnueabi/usr/lib/crt1.o] ==> ignore
    arg [/opt/poky/2.1/sysroots/cortexa9hf-neon-poky-linux-gnueabi/usr/lib/crti.o] ==> ignore
    arg [/opt/poky/2.1/sysroots/cortexa9hf-neon-poky-linux-gnueabi/usr/lib/arm-poky-linux-gnueabi/5.3.0/crtbegin.o] ==> ignore
    arg [-L/opt/poky/2.1/sysroots/x86_64-pokysdk-linux/usr/lib/arm-poky-linux-gnueabi/gcc/arm-poky-linux-gnueabi/5.3.0] ==> dir [/opt/poky/2.1/sysroots/x86_64-pokysdk-linux/usr/lib/arm-poky-linux-gnueabi/gcc/arm-poky-linux-gnueabi/5.3.0]
    arg [-L/opt/poky/2.1/sysroots/cortexa9hf-neon-poky-linux-gnueabi/lib] ==> dir [/opt/poky/2.1/sysroots/cortexa9hf-neon-poky-linux-gnueabi/lib]
    arg [-L/opt/poky/2.1/sysroots/cortexa9hf-neon-poky-linux-gnueabi/usr/lib/arm-poky-linux-gnueabi/5.3.0] ==> dir [/opt/poky/2.1/sysroots/cortexa9hf-neon-poky-linux-gnueabi/usr/lib/arm-poky-linux-gnueabi/5.3.0]
    arg [-L/opt/poky/2.1/sysroots/cortexa9hf-neon-poky-linux-gnueabi/usr/lib] ==> dir [/opt/poky/2.1/sysroots/cortexa9hf-neon-poky-linux-gnueabi/usr/lib]
    arg [-O1] ==> ignore
    arg [--hash-style=gnu] ==> ignore
    arg [--as-needed] ==> ignore
    arg [CMakeFiles/cmTC_fcc01.dir/CMakeCCompilerABI.c.o] ==> ignore
    arg [-lgcc] ==> lib [gcc]
    arg [--as-needed] ==> ignore
    arg [-lgcc_s] ==> lib [gcc_s]
    arg [--no-as-needed] ==> ignore
    arg [-lc] ==> lib [c]
    arg [-lgcc] ==> lib [gcc]
    arg [--as-needed] ==> ignore
    arg [-lgcc_s] ==> lib [gcc_s]
    arg [--no-as-needed] ==> ignore
    arg [/opt/poky/2.1/sysroots/cortexa9hf-neon-poky-linux-gnueabi/usr/lib/arm-poky-linux-gnueabi/5.3.0/crtend.o] ==> ignore
    arg [/opt/poky/2.1/sysroots/cortexa9hf-neon-poky-linux-gnueabi/usr/lib/crtn.o] ==> ignore
  remove lib [gcc]
  remove lib [gcc_s]
  remove lib [gcc]
  remove lib [gcc_s]
  collapse library dir [/opt/poky/2.1/sysroots/x86_64-pokysdk-linux/usr/lib/arm-poky-linux-gnueabi/gcc/arm-poky-linux-gnueabi/5.3.0] ==> [/opt/poky/2.1/sysroots/x86_64-pokysdk-linux/usr/lib/arm-poky-linux-gnueabi/gcc/arm-poky-linux-gnueabi/5.3.0]
  collapse library dir [/opt/poky/2.1/sysroots/cortexa9hf-neon-poky-linux-gnueabi/lib] ==> [/opt/poky/2.1/sysroots/cortexa9hf-neon-poky-linux-gnueabi/lib]
  collapse library dir [/opt/poky/2.1/sysroots/cortexa9hf-neon-poky-linux-gnueabi/usr/lib/arm-poky-linux-gnueabi/5.3.0] ==> [/opt/poky/2.1/sysroots/cortexa9hf-neon-poky-linux-gnueabi/usr/lib/arm-poky-linux-gnueabi/5.3.0]
  collapse library dir [/opt/poky/2.1/sysroots/cortexa9hf-neon-poky-linux-gnueabi/usr/lib] ==> [/opt/poky/2.1/sysroots/cortexa9hf-neon-poky-linux-gnueabi/usr/lib]
  implicit libs: [c]
  implicit dirs: [/opt/poky/2.1/sysroots/x86_64-pokysdk-linux/usr/lib/arm-poky-linux-gnueabi/gcc/arm-poky-linux-gnueabi/5.3.0;/opt/poky/2.1/sysroots/cortexa9hf-neon-poky-linux-gnueabi/lib;/opt/poky/2.1/sysroots/cortexa9hf-neon-poky-linux-gnueabi/usr/lib/arm-poky-linux-gnueabi/5.3.0;/opt/poky/2.1/sysroots/cortexa9hf-neon-poky-linux-gnueabi/usr/lib]
  implicit fwks: []




Detecting C [-std=c11] compiler features compiled with the following output:
Change Dir: /home/rd7/work/c_cpp/sitec-c-cpp/can/build/CMakeFiles/CMakeTmp

Run Build Command:"/usr/bin/make" "cmTC_0610a/fast"
/usr/bin/make -f CMakeFiles/cmTC_0610a.dir/build.make CMakeFiles/cmTC_0610a.dir/build
make[1]: Verzeichnis „/home/rd7/work/c_cpp/sitec-c-cpp/can/build/CMakeFiles/CMakeTmp“ wird betreten
Building C object CMakeFiles/cmTC_0610a.dir/feature_tests.c.o
/opt/poky/2.1/sysroots/x86_64-pokysdk-linux/usr/bin/arm-poky-linux-gnueabi/arm-poky-linux-gnueabi-gcc   -march=armv7-a -mfpu=neon  -mfloat-abi=hard -mcpu=cortex-a9 --sysroot=/opt/poky/2.1/sysroots/cortexa9hf-neon-poky-linux-gnueabi   -O2 -pipe -g -feliminate-unused-debug-types -fdebug-prefix-map=/home/rd4/work/bsp/s4_stable/build/tmp/work/x86_64-nativesdk-pokysdk-linux/meta-environment-s4/1.0-r8=/usr/src/debug/meta-environment-s4/1.0-r8 -fdebug-prefix-map=/home/rd4/work/bsp/s4_stable/build/tmp/sysroots/x86_64-linux= -fdebug-prefix-map=/home/rd4/work/bsp/s4_stable/build/tmp/sysroots/x86_64-nativesdk-pokysdk-linux=      -std=c11 -o CMakeFiles/cmTC_0610a.dir/feature_tests.c.o   -c /home/rd7/work/c_cpp/sitec-c-cpp/can/build/CMakeFiles/feature_tests.c
Linking C executable cmTC_0610a
/usr/bin/cmake -E cmake_link_script CMakeFiles/cmTC_0610a.dir/link.txt --verbose=1
/opt/poky/2.1/sysroots/x86_64-pokysdk-linux/usr/bin/arm-poky-linux-gnueabi/arm-poky-linux-gnueabi-gcc   -march=armv7-a -mfpu=neon  -mfloat-abi=hard -mcpu=cortex-a9 --sysroot=/opt/poky/2.1/sysroots/cortexa9hf-neon-poky-linux-gnueabi  -O2 -pipe -g -feliminate-unused-debug-types -fdebug-prefix-map=/home/rd4/work/bsp/s4_stable/build/tmp/work/x86_64-nativesdk-pokysdk-linux/meta-environment-s4/1.0-r8=/usr/src/debug/meta-environment-s4/1.0-r8 -fdebug-prefix-map=/home/rd4/work/bsp/s4_stable/build/tmp/sysroots/x86_64-linux= -fdebug-prefix-map=/home/rd4/work/bsp/s4_stable/build/tmp/sysroots/x86_64-nativesdk-pokysdk-linux=      -Wl,-O1 -Wl,--hash-style=gnu -Wl,--as-needed  CMakeFiles/cmTC_0610a.dir/feature_tests.c.o  -o cmTC_0610a -rdynamic 
make[1]: Verzeichnis „/home/rd7/work/c_cpp/sitec-c-cpp/can/build/CMakeFiles/CMakeTmp“ wird verlassen


    Feature record: C_FEATURE:1c_function_prototypes
    Feature record: C_FEATURE:1c_restrict
    Feature record: C_FEATURE:1c_static_assert
    Feature record: C_FEATURE:1c_variadic_macros


Detecting C [-std=c99] compiler features compiled with the following output:
Change Dir: /home/rd7/work/c_cpp/sitec-c-cpp/can/build/CMakeFiles/CMakeTmp

Run Build Command:"/usr/bin/make" "cmTC_cd168/fast"
/usr/bin/make -f CMakeFiles/cmTC_cd168.dir/build.make CMakeFiles/cmTC_cd168.dir/build
make[1]: Verzeichnis „/home/rd7/work/c_cpp/sitec-c-cpp/can/build/CMakeFiles/CMakeTmp“ wird betreten
Building C object CMakeFiles/cmTC_cd168.dir/feature_tests.c.o
/opt/poky/2.1/sysroots/x86_64-pokysdk-linux/usr/bin/arm-poky-linux-gnueabi/arm-poky-linux-gnueabi-gcc   -march=armv7-a -mfpu=neon  -mfloat-abi=hard -mcpu=cortex-a9 --sysroot=/opt/poky/2.1/sysroots/cortexa9hf-neon-poky-linux-gnueabi   -O2 -pipe -g -feliminate-unused-debug-types -fdebug-prefix-map=/home/rd4/work/bsp/s4_stable/build/tmp/work/x86_64-nativesdk-pokysdk-linux/meta-environment-s4/1.0-r8=/usr/src/debug/meta-environment-s4/1.0-r8 -fdebug-prefix-map=/home/rd4/work/bsp/s4_stable/build/tmp/sysroots/x86_64-linux= -fdebug-prefix-map=/home/rd4/work/bsp/s4_stable/build/tmp/sysroots/x86_64-nativesdk-pokysdk-linux=      -std=c99 -o CMakeFiles/cmTC_cd168.dir/feature_tests.c.o   -c /home/rd7/work/c_cpp/sitec-c-cpp/can/build/CMakeFiles/feature_tests.c
Linking C executable cmTC_cd168
/usr/bin/cmake -E cmake_link_script CMakeFiles/cmTC_cd168.dir/link.txt --verbose=1
/opt/poky/2.1/sysroots/x86_64-pokysdk-linux/usr/bin/arm-poky-linux-gnueabi/arm-poky-linux-gnueabi-gcc   -march=armv7-a -mfpu=neon  -mfloat-abi=hard -mcpu=cortex-a9 --sysroot=/opt/poky/2.1/sysroots/cortexa9hf-neon-poky-linux-gnueabi  -O2 -pipe -g -feliminate-unused-debug-types -fdebug-prefix-map=/home/rd4/work/bsp/s4_stable/build/tmp/work/x86_64-nativesdk-pokysdk-linux/meta-environment-s4/1.0-r8=/usr/src/debug/meta-environment-s4/1.0-r8 -fdebug-prefix-map=/home/rd4/work/bsp/s4_stable/build/tmp/sysroots/x86_64-linux= -fdebug-prefix-map=/home/rd4/work/bsp/s4_stable/build/tmp/sysroots/x86_64-nativesdk-pokysdk-linux=      -Wl,-O1 -Wl,--hash-style=gnu -Wl,--as-needed  CMakeFiles/cmTC_cd168.dir/feature_tests.c.o  -o cmTC_cd168 -rdynamic 
make[1]: Verzeichnis „/home/rd7/work/c_cpp/sitec-c-cpp/can/build/CMakeFiles/CMakeTmp“ wird verlassen


    Feature record: C_FEATURE:1c_function_prototypes
    Feature record: C_FEATURE:1c_restrict
    Feature record: C_FEATURE:0c_static_assert
    Feature record: C_FEATURE:1c_variadic_macros


Detecting C [-std=c90] compiler features compiled with the following output:
Change Dir: /home/rd7/work/c_cpp/sitec-c-cpp/can/build/CMakeFiles/CMakeTmp

Run Build Command:"/usr/bin/make" "cmTC_9906c/fast"
/usr/bin/make -f CMakeFiles/cmTC_9906c.dir/build.make CMakeFiles/cmTC_9906c.dir/build
make[1]: Verzeichnis „/home/rd7/work/c_cpp/sitec-c-cpp/can/build/CMakeFiles/CMakeTmp“ wird betreten
Building C object CMakeFiles/cmTC_9906c.dir/feature_tests.c.o
/opt/poky/2.1/sysroots/x86_64-pokysdk-linux/usr/bin/arm-poky-linux-gnueabi/arm-poky-linux-gnueabi-gcc   -march=armv7-a -mfpu=neon  -mfloat-abi=hard -mcpu=cortex-a9 --sysroot=/opt/poky/2.1/sysroots/cortexa9hf-neon-poky-linux-gnueabi   -O2 -pipe -g -feliminate-unused-debug-types -fdebug-prefix-map=/home/rd4/work/bsp/s4_stable/build/tmp/work/x86_64-nativesdk-pokysdk-linux/meta-environment-s4/1.0-r8=/usr/src/debug/meta-environment-s4/1.0-r8 -fdebug-prefix-map=/home/rd4/work/bsp/s4_stable/build/tmp/sysroots/x86_64-linux= -fdebug-prefix-map=/home/rd4/work/bsp/s4_stable/build/tmp/sysroots/x86_64-nativesdk-pokysdk-linux=      -std=c90 -o CMakeFiles/cmTC_9906c.dir/feature_tests.c.o   -c /home/rd7/work/c_cpp/sitec-c-cpp/can/build/CMakeFiles/feature_tests.c
Linking C executable cmTC_9906c
/usr/bin/cmake -E cmake_link_script CMakeFiles/cmTC_9906c.dir/link.txt --verbose=1
/opt/poky/2.1/sysroots/x86_64-pokysdk-linux/usr/bin/arm-poky-linux-gnueabi/arm-poky-linux-gnueabi-gcc   -march=armv7-a -mfpu=neon  -mfloat-abi=hard -mcpu=cortex-a9 --sysroot=/opt/poky/2.1/sysroots/cortexa9hf-neon-poky-linux-gnueabi  -O2 -pipe -g -feliminate-unused-debug-types -fdebug-prefix-map=/home/rd4/work/bsp/s4_stable/build/tmp/work/x86_64-nativesdk-pokysdk-linux/meta-environment-s4/1.0-r8=/usr/src/debug/meta-environment-s4/1.0-r8 -fdebug-prefix-map=/home/rd4/work/bsp/s4_stable/build/tmp/sysroots/x86_64-linux= -fdebug-prefix-map=/home/rd4/work/bsp/s4_stable/build/tmp/sysroots/x86_64-nativesdk-pokysdk-linux=      -Wl,-O1 -Wl,--hash-style=gnu -Wl,--as-needed  CMakeFiles/cmTC_9906c.dir/feature_tests.c.o  -o cmTC_9906c -rdynamic 
make[1]: Verzeichnis „/home/rd7/work/c_cpp/sitec-c-cpp/can/build/CMakeFiles/CMakeTmp“ wird verlassen


    Feature record: C_FEATURE:1c_function_prototypes
    Feature record: C_FEATURE:0c_restrict
    Feature record: C_FEATURE:0c_static_assert
    Feature record: C_FEATURE:0c_variadic_macros
Determining if the CXX compiler works passed with the following output:
Change Dir: /home/rd7/work/c_cpp/sitec-c-cpp/can/build/CMakeFiles/CMakeTmp

Run Build Command:"/usr/bin/make" "cmTC_b366a/fast"
/usr/bin/make -f CMakeFiles/cmTC_b366a.dir/build.make CMakeFiles/cmTC_b366a.dir/build
make[1]: Verzeichnis „/home/rd7/work/c_cpp/sitec-c-cpp/can/build/CMakeFiles/CMakeTmp“ wird betreten
Building CXX object CMakeFiles/cmTC_b366a.dir/testCXXCompiler.cxx.o
/opt/poky/2.1/sysroots/x86_64-pokysdk-linux/usr/bin/arm-poky-linux-gnueabi/arm-poky-linux-gnueabi-g++   -march=armv7-a -mfpu=neon  -mfloat-abi=hard -mcpu=cortex-a9 --sysroot=/opt/poky/2.1/sysroots/cortexa9hf-neon-poky-linux-gnueabi    -O2 -pipe -g -feliminate-unused-debug-types -fdebug-prefix-map=/home/rd4/work/bsp/s4_stable/build/tmp/work/x86_64-nativesdk-pokysdk-linux/meta-environment-s4/1.0-r8=/usr/src/debug/meta-environment-s4/1.0-r8 -fdebug-prefix-map=/home/rd4/work/bsp/s4_stable/build/tmp/sysroots/x86_64-linux= -fdebug-prefix-map=/home/rd4/work/bsp/s4_stable/build/tmp/sysroots/x86_64-nativesdk-pokysdk-linux=      -o CMakeFiles/cmTC_b366a.dir/testCXXCompiler.cxx.o -c /home/rd7/work/c_cpp/sitec-c-cpp/can/build/CMakeFiles/CMakeTmp/testCXXCompiler.cxx
Linking CXX executable cmTC_b366a
/usr/bin/cmake -E cmake_link_script CMakeFiles/cmTC_b366a.dir/link.txt --verbose=1
/opt/poky/2.1/sysroots/x86_64-pokysdk-linux/usr/bin/arm-poky-linux-gnueabi/arm-poky-linux-gnueabi-g++   -march=armv7-a -mfpu=neon  -mfloat-abi=hard -mcpu=cortex-a9 --sysroot=/opt/poky/2.1/sysroots/cortexa9hf-neon-poky-linux-gnueabi   -O2 -pipe -g -feliminate-unused-debug-types -fdebug-prefix-map=/home/rd4/work/bsp/s4_stable/build/tmp/work/x86_64-nativesdk-pokysdk-linux/meta-environment-s4/1.0-r8=/usr/src/debug/meta-environment-s4/1.0-r8 -fdebug-prefix-map=/home/rd4/work/bsp/s4_stable/build/tmp/sysroots/x86_64-linux= -fdebug-prefix-map=/home/rd4/work/bsp/s4_stable/build/tmp/sysroots/x86_64-nativesdk-pokysdk-linux=      -Wl,-O1 -Wl,--hash-style=gnu -Wl,--as-needed  CMakeFiles/cmTC_b366a.dir/testCXXCompiler.cxx.o  -o cmTC_b366a -rdynamic 
make[1]: Verzeichnis „/home/rd7/work/c_cpp/sitec-c-cpp/can/build/CMakeFiles/CMakeTmp“ wird verlassen


Detecting CXX compiler ABI info compiled with the following output:
Change Dir: /home/rd7/work/c_cpp/sitec-c-cpp/can/build/CMakeFiles/CMakeTmp

Run Build Command:"/usr/bin/make" "cmTC_08fad/fast"
/usr/bin/make -f CMakeFiles/cmTC_08fad.dir/build.make CMakeFiles/cmTC_08fad.dir/build
make[1]: Verzeichnis „/home/rd7/work/c_cpp/sitec-c-cpp/can/build/CMakeFiles/CMakeTmp“ wird betreten
Building CXX object CMakeFiles/cmTC_08fad.dir/CMakeCXXCompilerABI.cpp.o
/opt/poky/2.1/sysroots/x86_64-pokysdk-linux/usr/bin/arm-poky-linux-gnueabi/arm-poky-linux-gnueabi-g++   -march=armv7-a -mfpu=neon  -mfloat-abi=hard -mcpu=cortex-a9 --sysroot=/opt/poky/2.1/sysroots/cortexa9hf-neon-poky-linux-gnueabi    -O2 -pipe -g -feliminate-unused-debug-types -fdebug-prefix-map=/home/rd4/work/bsp/s4_stable/build/tmp/work/x86_64-nativesdk-pokysdk-linux/meta-environment-s4/1.0-r8=/usr/src/debug/meta-environment-s4/1.0-r8 -fdebug-prefix-map=/home/rd4/work/bsp/s4_stable/build/tmp/sysroots/x86_64-linux= -fdebug-prefix-map=/home/rd4/work/bsp/s4_stable/build/tmp/sysroots/x86_64-nativesdk-pokysdk-linux=      -o CMakeFiles/cmTC_08fad.dir/CMakeCXXCompilerABI.cpp.o -c /usr/share/cmake-3.5/Modules/CMakeCXXCompilerABI.cpp
Linking CXX executable cmTC_08fad
/usr/bin/cmake -E cmake_link_script CMakeFiles/cmTC_08fad.dir/link.txt --verbose=1
/opt/poky/2.1/sysroots/x86_64-pokysdk-linux/usr/bin/arm-poky-linux-gnueabi/arm-poky-linux-gnueabi-g++   -march=armv7-a -mfpu=neon  -mfloat-abi=hard -mcpu=cortex-a9 --sysroot=/opt/poky/2.1/sysroots/cortexa9hf-neon-poky-linux-gnueabi   -O2 -pipe -g -feliminate-unused-debug-types -fdebug-prefix-map=/home/rd4/work/bsp/s4_stable/build/tmp/work/x86_64-nativesdk-pokysdk-linux/meta-environment-s4/1.0-r8=/usr/src/debug/meta-environment-s4/1.0-r8 -fdebug-prefix-map=/home/rd4/work/bsp/s4_stable/build/tmp/sysroots/x86_64-linux= -fdebug-prefix-map=/home/rd4/work/bsp/s4_stable/build/tmp/sysroots/x86_64-nativesdk-pokysdk-linux=      -Wl,-O1 -Wl,--hash-style=gnu -Wl,--as-needed -v CMakeFiles/cmTC_08fad.dir/CMakeCXXCompilerABI.cpp.o  -o cmTC_08fad -rdynamic  
Using built-in specs.
COLLECT_GCC=/opt/poky/2.1/sysroots/x86_64-pokysdk-linux/usr/bin/arm-poky-linux-gnueabi/arm-poky-linux-gnueabi-g++
COLLECT_LTO_WRAPPER=/opt/poky/2.1/sysroots/x86_64-pokysdk-linux/usr/libexec/arm-poky-linux-gnueabi/gcc/arm-poky-linux-gnueabi/5.3.0/lto-wrapper
Target: arm-poky-linux-gnueabi
Configured with: ../../../../../../work-shared/gcc-5.3.0-r0/gcc-5.3.0/configure --build=x86_64-linux --host=x86_64-pokysdk-linux --target=arm-poky-linux-gnueabi --prefix=/opt/poky/2.1/sysroots/x86_64-pokysdk-linux/usr --exec_prefix=/opt/poky/2.1/sysroots/x86_64-pokysdk-linux/usr --bindir=/opt/poky/2.1/sysroots/x86_64-pokysdk-linux/usr/bin/arm-poky-linux-gnueabi --sbindir=/opt/poky/2.1/sysroots/x86_64-pokysdk-linux/usr/bin/arm-poky-linux-gnueabi --libexecdir=/opt/poky/2.1/sysroots/x86_64-pokysdk-linux/usr/libexec/arm-poky-linux-gnueabi --datadir=/opt/poky/2.1/sysroots/x86_64-pokysdk-linux/usr/share --sysconfdir=/opt/poky/2.1/sysroots/x86_64-pokysdk-linux/etc --sharedstatedir=/opt/poky/2.1/sysroots/x86_64-pokysdk-linux/com --localstatedir=/opt/poky/2.1/sysroots/x86_64-pokysdk-linux/var --libdir=/opt/poky/2.1/sysroots/x86_64-pokysdk-linux/usr/lib/arm-poky-linux-gnueabi --includedir=/opt/poky/2.1/sysroots/x86_64-pokysdk-linux/usr/include --oldincludedir=/opt/poky/2.1/sysroots/x86_64-pokysdk-linux/usr/include --infodir=/opt/poky/2.1/sysroots/x86_64-pokysdk-linux/usr/share/info --mandir=/opt/poky/2.1/sysroots/x86_64-pokysdk-linux/usr/share/man --disable-silent-rules --disable-dependency-tracking --with-libtool-sysroot=/home/rd4/work/bsp/s4_stable/build/tmp/sysroots/x86_64-nativesdk-pokysdk-linux --with-gnu-ld --enable-shared --enable-languages=c,c++ --enable-threads=posix --enable-multilib --enable-c99 --enable-long-long --enable-symvers=gnu --enable-libstdcxx-pch --program-prefix=arm-poky-linux-gnueabi- --without-local-prefix --enable-lto --enable-libssp --enable-libitm --disable-bootstrap --disable-libmudflap --with-system-zlib --with-linker-hash-style=gnu --enable-linker-build-id --with-ppl=no --with-cloog=no --enable-checking=release --enable-cheaders=c_global --without-isl --with-gxx-include-dir=/not/exist/usr/include/c++/5.3.0 --with-build-time-tools=/home/rd4/work/bsp/s4_stable/build/tmp/sysroots/x86_64-linux/usr/arm-poky-linux-gnueabi/bin --with-sysroot=/not/exist --with-build-sysroot=/home/rd4/work/bsp/s4_stable/build/tmp/sysroots/s4 --enable-poison-system-directories --with-mpfr=/home/rd4/work/bsp/s4_stable/build/tmp/sysroots/x86_64-nativesdk-pokysdk-linux --with-mpc=/home/rd4/work/bsp/s4_stable/build/tmp/sysroots/x86_64-nativesdk-pokysdk-linux --disable-static --enable-nls --with-arch=armv7-a
Thread model: posix
gcc version 5.3.0 (GCC) 
COMPILER_PATH=/opt/poky/2.1/sysroots/x86_64-pokysdk-linux/usr/libexec/arm-poky-linux-gnueabi/gcc/arm-poky-linux-gnueabi/5.3.0/:/opt/poky/2.1/sysroots/x86_64-pokysdk-linux/usr/libexec/arm-poky-linux-gnueabi/gcc/arm-poky-linux-gnueabi/5.3.0/:/opt/poky/2.1/sysroots/x86_64-pokysdk-linux/usr/libexec/arm-poky-linux-gnueabi/gcc/arm-poky-linux-gnueabi/:/opt/poky/2.1/sysroots/x86_64-pokysdk-linux/usr/lib/arm-poky-linux-gnueabi/gcc/arm-poky-linux-gnueabi/5.3.0/:/opt/poky/2.1/sysroots/x86_64-pokysdk-linux/usr/lib/arm-poky-linux-gnueabi/gcc/arm-poky-linux-gnueabi/
LIBRARY_PATH=/opt/poky/2.1/sysroots/x86_64-pokysdk-linux/usr/lib/arm-poky-linux-gnueabi/gcc/arm-poky-linux-gnueabi/5.3.0/:/opt/poky/2.1/sysroots/cortexa9hf-neon-poky-linux-gnueabi/lib/:/opt/poky/2.1/sysroots/cortexa9hf-neon-poky-linux-gnueabi/usr/lib/arm-poky-linux-gnueabi/5.3.0/:/opt/poky/2.1/sysroots/cortexa9hf-neon-poky-linux-gnueabi/usr/lib/
COLLECT_GCC_OPTIONS='--sysroot=/opt/poky/2.1/sysroots/cortexa9hf-neon-poky-linux-gnueabi' '-march=armv7-a' '-mfpu=neon' '-mfloat-abi=hard' '-mcpu=cortex-a9' '-O2' '-pipe' '-g' '-feliminate-unused-debug-types' '-fdebug-prefix-map=/home/rd4/work/bsp/s4_stable/build/tmp/work/x86_64-nativesdk-pokysdk-linux/meta-environment-s4/1.0-r8=/usr/src/debug/meta-environment-s4/1.0-r8' '-fdebug-prefix-map=/home/rd4/work/bsp/s4_stable/build/tmp/sysroots/x86_64-linux=' '-fdebug-prefix-map=/home/rd4/work/bsp/s4_stable/build/tmp/sysroots/x86_64-nativesdk-pokysdk-linux=' '-v' '-o' 'cmTC_08fad' '-rdynamic' '-shared-libgcc' '-mtls-dialect=gnu'
 /opt/poky/2.1/sysroots/x86_64-pokysdk-linux/usr/libexec/arm-poky-linux-gnueabi/gcc/arm-poky-linux-gnueabi/5.3.0/collect2 -plugin /opt/poky/2.1/sysroots/x86_64-pokysdk-linux/usr/libexec/arm-poky-linux-gnueabi/gcc/arm-poky-linux-gnueabi/5.3.0/liblto_plugin.so -plugin-opt=/opt/poky/2.1/sysroots/x86_64-pokysdk-linux/usr/libexec/arm-poky-linux-gnueabi/gcc/arm-poky-linux-gnueabi/5.3.0/lto-wrapper -plugin-opt=-fresolution=/tmp/ccscFCN2.res -plugin-opt=-pass-through=-lgcc_s -plugin-opt=-pass-through=-lgcc -plugin-opt=-pass-through=-lc -plugin-opt=-pass-through=-lgcc_s -plugin-opt=-pass-through=-lgcc --sysroot=/opt/poky/2.1/sysroots/cortexa9hf-neon-poky-linux-gnueabi --build-id --eh-frame-hdr --hash-style=gnu -export-dynamic -dynamic-linker /lib/ld-linux-armhf.so.3 -X -m armelf_linux_eabi -o cmTC_08fad /opt/poky/2.1/sysroots/cortexa9hf-neon-poky-linux-gnueabi/usr/lib/crt1.o /opt/poky/2.1/sysroots/cortexa9hf-neon-poky-linux-gnueabi/usr/lib/crti.o /opt/poky/2.1/sysroots/cortexa9hf-neon-poky-linux-gnueabi/usr/lib/arm-poky-linux-gnueabi/5.3.0/crtbegin.o -L/opt/poky/2.1/sysroots/x86_64-pokysdk-linux/usr/lib/arm-poky-linux-gnueabi/gcc/arm-poky-linux-gnueabi/5.3.0 -L/opt/poky/2.1/sysroots/cortexa9hf-neon-poky-linux-gnueabi/lib -L/opt/poky/2.1/sysroots/cortexa9hf-neon-poky-linux-gnueabi/usr/lib/arm-poky-linux-gnueabi/5.3.0 -L/opt/poky/2.1/sysroots/cortexa9hf-neon-poky-linux-gnueabi/usr/lib -O1 --hash-style=gnu --as-needed CMakeFiles/cmTC_08fad.dir/CMakeCXXCompilerABI.cpp.o -lstdc++ -lm -lgcc_s -lgcc -lc -lgcc_s -lgcc /opt/poky/2.1/sysroots/cortexa9hf-neon-poky-linux-gnueabi/usr/lib/arm-poky-linux-gnueabi/5.3.0/crtend.o /opt/poky/2.1/sysroots/cortexa9hf-neon-poky-linux-gnueabi/usr/lib/crtn.o
make[1]: Verzeichnis „/home/rd7/work/c_cpp/sitec-c-cpp/can/build/CMakeFiles/CMakeTmp“ wird verlassen


Parsed CXX implicit link information from above output:
  link line regex: [^( *|.*[/\])(ld|([^/\]+-)?ld|collect2)[^/\]*( |$)]
  ignore line: [Change Dir: /home/rd7/work/c_cpp/sitec-c-cpp/can/build/CMakeFiles/CMakeTmp]
  ignore line: []
  ignore line: [Run Build Command:"/usr/bin/make" "cmTC_08fad/fast"]
  ignore line: [/usr/bin/make -f CMakeFiles/cmTC_08fad.dir/build.make CMakeFiles/cmTC_08fad.dir/build]
  ignore line: [make[1]: Verzeichnis „/home/rd7/work/c_cpp/sitec-c-cpp/can/build/CMakeFiles/CMakeTmp“ wird betreten]
  ignore line: [Building CXX object CMakeFiles/cmTC_08fad.dir/CMakeCXXCompilerABI.cpp.o]
  ignore line: [/opt/poky/2.1/sysroots/x86_64-pokysdk-linux/usr/bin/arm-poky-linux-gnueabi/arm-poky-linux-gnueabi-g++   -march=armv7-a -mfpu=neon  -mfloat-abi=hard -mcpu=cortex-a9 --sysroot=/opt/poky/2.1/sysroots/cortexa9hf-neon-poky-linux-gnueabi    -O2 -pipe -g -feliminate-unused-debug-types -fdebug-prefix-map=/home/rd4/work/bsp/s4_stable/build/tmp/work/x86_64-nativesdk-pokysdk-linux/meta-environment-s4/1.0-r8=/usr/src/debug/meta-environment-s4/1.0-r8 -fdebug-prefix-map=/home/rd4/work/bsp/s4_stable/build/tmp/sysroots/x86_64-linux= -fdebug-prefix-map=/home/rd4/work/bsp/s4_stable/build/tmp/sysroots/x86_64-nativesdk-pokysdk-linux=      -o CMakeFiles/cmTC_08fad.dir/CMakeCXXCompilerABI.cpp.o -c /usr/share/cmake-3.5/Modules/CMakeCXXCompilerABI.cpp]
  ignore line: [Linking CXX executable cmTC_08fad]
  ignore line: [/usr/bin/cmake -E cmake_link_script CMakeFiles/cmTC_08fad.dir/link.txt --verbose=1]
  ignore line: [/opt/poky/2.1/sysroots/x86_64-pokysdk-linux/usr/bin/arm-poky-linux-gnueabi/arm-poky-linux-gnueabi-g++   -march=armv7-a -mfpu=neon  -mfloat-abi=hard -mcpu=cortex-a9 --sysroot=/opt/poky/2.1/sysroots/cortexa9hf-neon-poky-linux-gnueabi   -O2 -pipe -g -feliminate-unused-debug-types -fdebug-prefix-map=/home/rd4/work/bsp/s4_stable/build/tmp/work/x86_64-nativesdk-pokysdk-linux/meta-environment-s4/1.0-r8=/usr/src/debug/meta-environment-s4/1.0-r8 -fdebug-prefix-map=/home/rd4/work/bsp/s4_stable/build/tmp/sysroots/x86_64-linux= -fdebug-prefix-map=/home/rd4/work/bsp/s4_stable/build/tmp/sysroots/x86_64-nativesdk-pokysdk-linux=      -Wl,-O1 -Wl,--hash-style=gnu -Wl,--as-needed -v CMakeFiles/cmTC_08fad.dir/CMakeCXXCompilerABI.cpp.o  -o cmTC_08fad -rdynamic  ]
  ignore line: [Using built-in specs.]
  ignore line: [COLLECT_GCC=/opt/poky/2.1/sysroots/x86_64-pokysdk-linux/usr/bin/arm-poky-linux-gnueabi/arm-poky-linux-gnueabi-g++]
  ignore line: [COLLECT_LTO_WRAPPER=/opt/poky/2.1/sysroots/x86_64-pokysdk-linux/usr/libexec/arm-poky-linux-gnueabi/gcc/arm-poky-linux-gnueabi/5.3.0/lto-wrapper]
  ignore line: [Target: arm-poky-linux-gnueabi]
  ignore line: [Configured with: ../../../../../../work-shared/gcc-5.3.0-r0/gcc-5.3.0/configure --build=x86_64-linux --host=x86_64-pokysdk-linux --target=arm-poky-linux-gnueabi --prefix=/opt/poky/2.1/sysroots/x86_64-pokysdk-linux/usr --exec_prefix=/opt/poky/2.1/sysroots/x86_64-pokysdk-linux/usr --bindir=/opt/poky/2.1/sysroots/x86_64-pokysdk-linux/usr/bin/arm-poky-linux-gnueabi --sbindir=/opt/poky/2.1/sysroots/x86_64-pokysdk-linux/usr/bin/arm-poky-linux-gnueabi --libexecdir=/opt/poky/2.1/sysroots/x86_64-pokysdk-linux/usr/libexec/arm-poky-linux-gnueabi --datadir=/opt/poky/2.1/sysroots/x86_64-pokysdk-linux/usr/share --sysconfdir=/opt/poky/2.1/sysroots/x86_64-pokysdk-linux/etc --sharedstatedir=/opt/poky/2.1/sysroots/x86_64-pokysdk-linux/com --localstatedir=/opt/poky/2.1/sysroots/x86_64-pokysdk-linux/var --libdir=/opt/poky/2.1/sysroots/x86_64-pokysdk-linux/usr/lib/arm-poky-linux-gnueabi --includedir=/opt/poky/2.1/sysroots/x86_64-pokysdk-linux/usr/include --oldincludedir=/opt/poky/2.1/sysroots/x86_64-pokysdk-linux/usr/include --infodir=/opt/poky/2.1/sysroots/x86_64-pokysdk-linux/usr/share/info --mandir=/opt/poky/2.1/sysroots/x86_64-pokysdk-linux/usr/share/man --disable-silent-rules --disable-dependency-tracking --with-libtool-sysroot=/home/rd4/work/bsp/s4_stable/build/tmp/sysroots/x86_64-nativesdk-pokysdk-linux --with-gnu-ld --enable-shared --enable-languages=c,c++ --enable-threads=posix --enable-multilib --enable-c99 --enable-long-long --enable-symvers=gnu --enable-libstdcxx-pch --program-prefix=arm-poky-linux-gnueabi- --without-local-prefix --enable-lto --enable-libssp --enable-libitm --disable-bootstrap --disable-libmudflap --with-system-zlib --with-linker-hash-style=gnu --enable-linker-build-id --with-ppl=no --with-cloog=no --enable-checking=release --enable-cheaders=c_global --without-isl --with-gxx-include-dir=/not/exist/usr/include/c++/5.3.0 --with-build-time-tools=/home/rd4/work/bsp/s4_stable/build/tmp/sysroots/x86_64-linux/usr/arm-poky-linux-gnueabi/bin --with-sysroot=/not/exist --with-build-sysroot=/home/rd4/work/bsp/s4_stable/build/tmp/sysroots/s4 --enable-poison-system-directories --with-mpfr=/home/rd4/work/bsp/s4_stable/build/tmp/sysroots/x86_64-nativesdk-pokysdk-linux --with-mpc=/home/rd4/work/bsp/s4_stable/build/tmp/sysroots/x86_64-nativesdk-pokysdk-linux --disable-static --enable-nls --with-arch=armv7-a]
  ignore line: [Thread model: posix]
  ignore line: [gcc version 5.3.0 (GCC) ]
  ignore line: [COMPILER_PATH=/opt/poky/2.1/sysroots/x86_64-pokysdk-linux/usr/libexec/arm-poky-linux-gnueabi/gcc/arm-poky-linux-gnueabi/5.3.0/:/opt/poky/2.1/sysroots/x86_64-pokysdk-linux/usr/libexec/arm-poky-linux-gnueabi/gcc/arm-poky-linux-gnueabi/5.3.0/:/opt/poky/2.1/sysroots/x86_64-pokysdk-linux/usr/libexec/arm-poky-linux-gnueabi/gcc/arm-poky-linux-gnueabi/:/opt/poky/2.1/sysroots/x86_64-pokysdk-linux/usr/lib/arm-poky-linux-gnueabi/gcc/arm-poky-linux-gnueabi/5.3.0/:/opt/poky/2.1/sysroots/x86_64-pokysdk-linux/usr/lib/arm-poky-linux-gnueabi/gcc/arm-poky-linux-gnueabi/]
  ignore line: [LIBRARY_PATH=/opt/poky/2.1/sysroots/x86_64-pokysdk-linux/usr/lib/arm-poky-linux-gnueabi/gcc/arm-poky-linux-gnueabi/5.3.0/:/opt/poky/2.1/sysroots/cortexa9hf-neon-poky-linux-gnueabi/lib/:/opt/poky/2.1/sysroots/cortexa9hf-neon-poky-linux-gnueabi/usr/lib/arm-poky-linux-gnueabi/5.3.0/:/opt/poky/2.1/sysroots/cortexa9hf-neon-poky-linux-gnueabi/usr/lib/]
  ignore line: [COLLECT_GCC_OPTIONS='--sysroot=/opt/poky/2.1/sysroots/cortexa9hf-neon-poky-linux-gnueabi' '-march=armv7-a' '-mfpu=neon' '-mfloat-abi=hard' '-mcpu=cortex-a9' '-O2' '-pipe' '-g' '-feliminate-unused-debug-types' '-fdebug-prefix-map=/home/rd4/work/bsp/s4_stable/build/tmp/work/x86_64-nativesdk-pokysdk-linux/meta-environment-s4/1.0-r8=/usr/src/debug/meta-environment-s4/1.0-r8' '-fdebug-prefix-map=/home/rd4/work/bsp/s4_stable/build/tmp/sysroots/x86_64-linux=' '-fdebug-prefix-map=/home/rd4/work/bsp/s4_stable/build/tmp/sysroots/x86_64-nativesdk-pokysdk-linux=' '-v' '-o' 'cmTC_08fad' '-rdynamic' '-shared-libgcc' '-mtls-dialect=gnu']
  link line: [ /opt/poky/2.1/sysroots/x86_64-pokysdk-linux/usr/libexec/arm-poky-linux-gnueabi/gcc/arm-poky-linux-gnueabi/5.3.0/collect2 -plugin /opt/poky/2.1/sysroots/x86_64-pokysdk-linux/usr/libexec/arm-poky-linux-gnueabi/gcc/arm-poky-linux-gnueabi/5.3.0/liblto_plugin.so -plugin-opt=/opt/poky/2.1/sysroots/x86_64-pokysdk-linux/usr/libexec/arm-poky-linux-gnueabi/gcc/arm-poky-linux-gnueabi/5.3.0/lto-wrapper -plugin-opt=-fresolution=/tmp/ccscFCN2.res -plugin-opt=-pass-through=-lgcc_s -plugin-opt=-pass-through=-lgcc -plugin-opt=-pass-through=-lc -plugin-opt=-pass-through=-lgcc_s -plugin-opt=-pass-through=-lgcc --sysroot=/opt/poky/2.1/sysroots/cortexa9hf-neon-poky-linux-gnueabi --build-id --eh-frame-hdr --hash-style=gnu -export-dynamic -dynamic-linker /lib/ld-linux-armhf.so.3 -X -m armelf_linux_eabi -o cmTC_08fad /opt/poky/2.1/sysroots/cortexa9hf-neon-poky-linux-gnueabi/usr/lib/crt1.o /opt/poky/2.1/sysroots/cortexa9hf-neon-poky-linux-gnueabi/usr/lib/crti.o /opt/poky/2.1/sysroots/cortexa9hf-neon-poky-linux-gnueabi/usr/lib/arm-poky-linux-gnueabi/5.3.0/crtbegin.o -L/opt/poky/2.1/sysroots/x86_64-pokysdk-linux/usr/lib/arm-poky-linux-gnueabi/gcc/arm-poky-linux-gnueabi/5.3.0 -L/opt/poky/2.1/sysroots/cortexa9hf-neon-poky-linux-gnueabi/lib -L/opt/poky/2.1/sysroots/cortexa9hf-neon-poky-linux-gnueabi/usr/lib/arm-poky-linux-gnueabi/5.3.0 -L/opt/poky/2.1/sysroots/cortexa9hf-neon-poky-linux-gnueabi/usr/lib -O1 --hash-style=gnu --as-needed CMakeFiles/cmTC_08fad.dir/CMakeCXXCompilerABI.cpp.o -lstdc++ -lm -lgcc_s -lgcc -lc -lgcc_s -lgcc /opt/poky/2.1/sysroots/cortexa9hf-neon-poky-linux-gnueabi/usr/lib/arm-poky-linux-gnueabi/5.3.0/crtend.o /opt/poky/2.1/sysroots/cortexa9hf-neon-poky-linux-gnueabi/usr/lib/crtn.o]
    arg [/opt/poky/2.1/sysroots/x86_64-pokysdk-linux/usr/libexec/arm-poky-linux-gnueabi/gcc/arm-poky-linux-gnueabi/5.3.0/collect2] ==> ignore
    arg [-plugin] ==> ignore
    arg [/opt/poky/2.1/sysroots/x86_64-pokysdk-linux/usr/libexec/arm-poky-linux-gnueabi/gcc/arm-poky-linux-gnueabi/5.3.0/liblto_plugin.so] ==> ignore
    arg [-plugin-opt=/opt/poky/2.1/sysroots/x86_64-pokysdk-linux/usr/libexec/arm-poky-linux-gnueabi/gcc/arm-poky-linux-gnueabi/5.3.0/lto-wrapper] ==> ignore
    arg [-plugin-opt=-fresolution=/tmp/ccscFCN2.res] ==> ignore
    arg [-plugin-opt=-pass-through=-lgcc_s] ==> ignore
    arg [-plugin-opt=-pass-through=-lgcc] ==> ignore
    arg [-plugin-opt=-pass-through=-lc] ==> ignore
    arg [-plugin-opt=-pass-through=-lgcc_s] ==> ignore
    arg [-plugin-opt=-pass-through=-lgcc] ==> ignore
    arg [--sysroot=/opt/poky/2.1/sysroots/cortexa9hf-neon-poky-linux-gnueabi] ==> ignore
    arg [--build-id] ==> ignore
    arg [--eh-frame-hdr] ==> ignore
    arg [--hash-style=gnu] ==> ignore
    arg [-export-dynamic] ==> ignore
    arg [-dynamic-linker] ==> ignore
    arg [/lib/ld-linux-armhf.so.3] ==> ignore
    arg [-X] ==> ignore
    arg [-m] ==> ignore
    arg [armelf_linux_eabi] ==> ignore
    arg [-o] ==> ignore
    arg [cmTC_08fad] ==> ignore
    arg [/opt/poky/2.1/sysroots/cortexa9hf-neon-poky-linux-gnueabi/usr/lib/crt1.o] ==> ignore
    arg [/opt/poky/2.1/sysroots/cortexa9hf-neon-poky-linux-gnueabi/usr/lib/crti.o] ==> ignore
    arg [/opt/poky/2.1/sysroots/cortexa9hf-neon-poky-linux-gnueabi/usr/lib/arm-poky-linux-gnueabi/5.3.0/crtbegin.o] ==> ignore
    arg [-L/opt/poky/2.1/sysroots/x86_64-pokysdk-linux/usr/lib/arm-poky-linux-gnueabi/gcc/arm-poky-linux-gnueabi/5.3.0] ==> dir [/opt/poky/2.1/sysroots/x86_64-pokysdk-linux/usr/lib/arm-poky-linux-gnueabi/gcc/arm-poky-linux-gnueabi/5.3.0]
    arg [-L/opt/poky/2.1/sysroots/cortexa9hf-neon-poky-linux-gnueabi/lib] ==> dir [/opt/poky/2.1/sysroots/cortexa9hf-neon-poky-linux-gnueabi/lib]
    arg [-L/opt/poky/2.1/sysroots/cortexa9hf-neon-poky-linux-gnueabi/usr/lib/arm-poky-linux-gnueabi/5.3.0] ==> dir [/opt/poky/2.1/sysroots/cortexa9hf-neon-poky-linux-gnueabi/usr/lib/arm-poky-linux-gnueabi/5.3.0]
    arg [-L/opt/poky/2.1/sysroots/cortexa9hf-neon-poky-linux-gnueabi/usr/lib] ==> dir [/opt/poky/2.1/sysroots/cortexa9hf-neon-poky-linux-gnueabi/usr/lib]
    arg [-O1] ==> ignore
    arg [--hash-style=gnu] ==> ignore
    arg [--as-needed] ==> ignore
    arg [CMakeFiles/cmTC_08fad.dir/CMakeCXXCompilerABI.cpp.o] ==> ignore
    arg [-lstdc++] ==> lib [stdc++]
    arg [-lm] ==> lib [m]
    arg [-lgcc_s] ==> lib [gcc_s]
    arg [-lgcc] ==> lib [gcc]
    arg [-lc] ==> lib [c]
    arg [-lgcc_s] ==> lib [gcc_s]
    arg [-lgcc] ==> lib [gcc]
    arg [/opt/poky/2.1/sysroots/cortexa9hf-neon-poky-linux-gnueabi/usr/lib/arm-poky-linux-gnueabi/5.3.0/crtend.o] ==> ignore
    arg [/opt/poky/2.1/sysroots/cortexa9hf-neon-poky-linux-gnueabi/usr/lib/crtn.o] ==> ignore
  remove lib [gcc_s]
  remove lib [gcc]
  remove lib [gcc_s]
  remove lib [gcc]
  collapse library dir [/opt/poky/2.1/sysroots/x86_64-pokysdk-linux/usr/lib/arm-poky-linux-gnueabi/gcc/arm-poky-linux-gnueabi/5.3.0] ==> [/opt/poky/2.1/sysroots/x86_64-pokysdk-linux/usr/lib/arm-poky-linux-gnueabi/gcc/arm-poky-linux-gnueabi/5.3.0]
  collapse library dir [/opt/poky/2.1/sysroots/cortexa9hf-neon-poky-linux-gnueabi/lib] ==> [/opt/poky/2.1/sysroots/cortexa9hf-neon-poky-linux-gnueabi/lib]
  collapse library dir [/opt/poky/2.1/sysroots/cortexa9hf-neon-poky-linux-gnueabi/usr/lib/arm-poky-linux-gnueabi/5.3.0] ==> [/opt/poky/2.1/sysroots/cortexa9hf-neon-poky-linux-gnueabi/usr/lib/arm-poky-linux-gnueabi/5.3.0]
  collapse library dir [/opt/poky/2.1/sysroots/cortexa9hf-neon-poky-linux-gnueabi/usr/lib] ==> [/opt/poky/2.1/sysroots/cortexa9hf-neon-poky-linux-gnueabi/usr/lib]
  implicit libs: [stdc++;m;c]
  implicit dirs: [/opt/poky/2.1/sysroots/x86_64-pokysdk-linux/usr/lib/arm-poky-linux-gnueabi/gcc/arm-poky-linux-gnueabi/5.3.0;/opt/poky/2.1/sysroots/cortexa9hf-neon-poky-linux-gnueabi/lib;/opt/poky/2.1/sysroots/cortexa9hf-neon-poky-linux-gnueabi/usr/lib/arm-poky-linux-gnueabi/5.3.0;/opt/poky/2.1/sysroots/cortexa9hf-neon-poky-linux-gnueabi/usr/lib]
  implicit fwks: []




Detecting CXX [-std=c++14] compiler features compiled with the following output:
Change Dir: /home/rd7/work/c_cpp/sitec-c-cpp/can/build/CMakeFiles/CMakeTmp

Run Build Command:"/usr/bin/make" "cmTC_b8ecd/fast"
/usr/bin/make -f CMakeFiles/cmTC_b8ecd.dir/build.make CMakeFiles/cmTC_b8ecd.dir/build
make[1]: Verzeichnis „/home/rd7/work/c_cpp/sitec-c-cpp/can/build/CMakeFiles/CMakeTmp“ wird betreten
Building CXX object CMakeFiles/cmTC_b8ecd.dir/feature_tests.cxx.o
/opt/poky/2.1/sysroots/x86_64-pokysdk-linux/usr/bin/arm-poky-linux-gnueabi/arm-poky-linux-gnueabi-g++   -march=armv7-a -mfpu=neon  -mfloat-abi=hard -mcpu=cortex-a9 --sysroot=/opt/poky/2.1/sysroots/cortexa9hf-neon-poky-linux-gnueabi    -O2 -pipe -g -feliminate-unused-debug-types -fdebug-prefix-map=/home/rd4/work/bsp/s4_stable/build/tmp/work/x86_64-nativesdk-pokysdk-linux/meta-environment-s4/1.0-r8=/usr/src/debug/meta-environment-s4/1.0-r8 -fdebug-prefix-map=/home/rd4/work/bsp/s4_stable/build/tmp/sysroots/x86_64-linux= -fdebug-prefix-map=/home/rd4/work/bsp/s4_stable/build/tmp/sysroots/x86_64-nativesdk-pokysdk-linux=      -std=c++14 -o CMakeFiles/cmTC_b8ecd.dir/feature_tests.cxx.o -c /home/rd7/work/c_cpp/sitec-c-cpp/can/build/CMakeFiles/feature_tests.cxx
Linking CXX executable cmTC_b8ecd
/usr/bin/cmake -E cmake_link_script CMakeFiles/cmTC_b8ecd.dir/link.txt --verbose=1
/opt/poky/2.1/sysroots/x86_64-pokysdk-linux/usr/bin/arm-poky-linux-gnueabi/arm-poky-linux-gnueabi-g++   -march=armv7-a -mfpu=neon  -mfloat-abi=hard -mcpu=cortex-a9 --sysroot=/opt/poky/2.1/sysroots/cortexa9hf-neon-poky-linux-gnueabi   -O2 -pipe -g -feliminate-unused-debug-types -fdebug-prefix-map=/home/rd4/work/bsp/s4_stable/build/tmp/work/x86_64-nativesdk-pokysdk-linux/meta-environment-s4/1.0-r8=/usr/src/debug/meta-environment-s4/1.0-r8 -fdebug-prefix-map=/home/rd4/work/bsp/s4_stable/build/tmp/sysroots/x86_64-linux= -fdebug-prefix-map=/home/rd4/work/bsp/s4_stable/build/tmp/sysroots/x86_64-nativesdk-pokysdk-linux=      -Wl,-O1 -Wl,--hash-style=gnu -Wl,--as-needed  CMakeFiles/cmTC_b8ecd.dir/feature_tests.cxx.o  -o cmTC_b8ecd -rdynamic 
make[1]: Verzeichnis „/home/rd7/work/c_cpp/sitec-c-cpp/can/build/CMakeFiles/CMakeTmp“ wird verlassen


    Feature record: CXX_FEATURE:1cxx_aggregate_default_initializers
    Feature record: CXX_FEATURE:1cxx_alias_templates
    Feature record: CXX_FEATURE:1cxx_alignas
    Feature record: CXX_FEATURE:1cxx_alignof
    Feature record: CXX_FEATURE:1cxx_attributes
    Feature record: CXX_FEATURE:1cxx_attribute_deprecated
    Feature record: CXX_FEATURE:1cxx_auto_type
    Feature record: CXX_FEATURE:1cxx_binary_literals
    Feature record: CXX_FEATURE:1cxx_constexpr
    Feature record: CXX_FEATURE:1cxx_contextual_conversions
    Feature record: CXX_FEATURE:1cxx_decltype
    Feature record: CXX_FEATURE:1cxx_decltype_auto
    Feature record: CXX_FEATURE:1cxx_decltype_incomplete_return_types
    Feature record: CXX_FEATURE:1cxx_default_function_template_args
    Feature record: CXX_FEATURE:1cxx_defaulted_functions
    Feature record: CXX_FEATURE:1cxx_defaulted_move_initializers
    Feature record: CXX_FEATURE:1cxx_delegating_constructors
    Feature record: CXX_FEATURE:1cxx_deleted_functions
    Feature record: CXX_FEATURE:1cxx_digit_separators
    Feature record: CXX_FEATURE:1cxx_enum_forward_declarations
    Feature record: CXX_FEATURE:1cxx_explicit_conversions
    Feature record: CXX_FEATURE:1cxx_extended_friend_declarations
    Feature record: CXX_FEATURE:1cxx_extern_templates
    Feature record: CXX_FEATURE:1cxx_final
    Feature record: CXX_FEATURE:1cxx_func_identifier
    Feature record: CXX_FEATURE:1cxx_generalized_initializers
    Feature record: CXX_FEATURE:1cxx_generic_lambdas
    Feature record: CXX_FEATURE:1cxx_inheriting_constructors
    Feature record: CXX_FEATURE:1cxx_inline_namespaces
    Feature record: CXX_FEATURE:1cxx_lambdas
    Feature record: CXX_FEATURE:1cxx_lambda_init_captures
    Feature record: CXX_FEATURE:1cxx_local_type_template_args
    Feature record: CXX_FEATURE:1cxx_long_long_type
    Feature record: CXX_FEATURE:1cxx_noexcept
    Feature record: CXX_FEATURE:1cxx_nonstatic_member_init
    Feature record: CXX_FEATURE:1cxx_nullptr
    Feature record: CXX_FEATURE:1cxx_override
    Feature record: CXX_FEATURE:1cxx_range_for
    Feature record: CXX_FEATURE:1cxx_raw_string_literals
    Feature record: CXX_FEATURE:1cxx_reference_qualified_functions
    Feature record: CXX_FEATURE:1cxx_relaxed_constexpr
    Feature record: CXX_FEATURE:1cxx_return_type_deduction
    Feature record: CXX_FEATURE:1cxx_right_angle_brackets
    Feature record: CXX_FEATURE:1cxx_rvalue_references
    Feature record: CXX_FEATURE:1cxx_sizeof_member
    Feature record: CXX_FEATURE:1cxx_static_assert
    Feature record: CXX_FEATURE:1cxx_strong_enums
    Feature record: CXX_FEATURE:1cxx_template_template_parameters
    Feature record: CXX_FEATURE:1cxx_thread_local
    Feature record: CXX_FEATURE:1cxx_trailing_return_types
    Feature record: CXX_FEATURE:1cxx_unicode_literals
    Feature record: CXX_FEATURE:1cxx_uniform_initialization
    Feature record: CXX_FEATURE:1cxx_unrestricted_unions
    Feature record: CXX_FEATURE:1cxx_user_literals
    Feature record: CXX_FEATURE:1cxx_variable_templates
    Feature record: CXX_FEATURE:1cxx_variadic_macros
    Feature record: CXX_FEATURE:1cxx_variadic_templates


Detecting CXX [-std=c++11] compiler features compiled with the following output:
Change Dir: /home/rd7/work/c_cpp/sitec-c-cpp/can/build/CMakeFiles/CMakeTmp

Run Build Command:"/usr/bin/make" "cmTC_21c55/fast"
/usr/bin/make -f CMakeFiles/cmTC_21c55.dir/build.make CMakeFiles/cmTC_21c55.dir/build
make[1]: Verzeichnis „/home/rd7/work/c_cpp/sitec-c-cpp/can/build/CMakeFiles/CMakeTmp“ wird betreten
Building CXX object CMakeFiles/cmTC_21c55.dir/feature_tests.cxx.o
/opt/poky/2.1/sysroots/x86_64-pokysdk-linux/usr/bin/arm-poky-linux-gnueabi/arm-poky-linux-gnueabi-g++   -march=armv7-a -mfpu=neon  -mfloat-abi=hard -mcpu=cortex-a9 --sysroot=/opt/poky/2.1/sysroots/cortexa9hf-neon-poky-linux-gnueabi    -O2 -pipe -g -feliminate-unused-debug-types -fdebug-prefix-map=/home/rd4/work/bsp/s4_stable/build/tmp/work/x86_64-nativesdk-pokysdk-linux/meta-environment-s4/1.0-r8=/usr/src/debug/meta-environment-s4/1.0-r8 -fdebug-prefix-map=/home/rd4/work/bsp/s4_stable/build/tmp/sysroots/x86_64-linux= -fdebug-prefix-map=/home/rd4/work/bsp/s4_stable/build/tmp/sysroots/x86_64-nativesdk-pokysdk-linux=      -std=c++11 -o CMakeFiles/cmTC_21c55.dir/feature_tests.cxx.o -c /home/rd7/work/c_cpp/sitec-c-cpp/can/build/CMakeFiles/feature_tests.cxx
Linking CXX executable cmTC_21c55
/usr/bin/cmake -E cmake_link_script CMakeFiles/cmTC_21c55.dir/link.txt --verbose=1
/opt/poky/2.1/sysroots/x86_64-pokysdk-linux/usr/bin/arm-poky-linux-gnueabi/arm-poky-linux-gnueabi-g++   -march=armv7-a -mfpu=neon  -mfloat-abi=hard -mcpu=cortex-a9 --sysroot=/opt/poky/2.1/sysroots/cortexa9hf-neon-poky-linux-gnueabi   -O2 -pipe -g -feliminate-unused-debug-types -fdebug-prefix-map=/home/rd4/work/bsp/s4_stable/build/tmp/work/x86_64-nativesdk-pokysdk-linux/meta-environment-s4/1.0-r8=/usr/src/debug/meta-environment-s4/1.0-r8 -fdebug-prefix-map=/home/rd4/work/bsp/s4_stable/build/tmp/sysroots/x86_64-linux= -fdebug-prefix-map=/home/rd4/work/bsp/s4_stable/build/tmp/sysroots/x86_64-nativesdk-pokysdk-linux=      -Wl,-O1 -Wl,--hash-style=gnu -Wl,--as-needed  CMakeFiles/cmTC_21c55.dir/feature_tests.cxx.o  -o cmTC_21c55 -rdynamic 
make[1]: Verzeichnis „/home/rd7/work/c_cpp/sitec-c-cpp/can/build/CMakeFiles/CMakeTmp“ wird verlassen


    Feature record: CXX_FEATURE:0cxx_aggregate_default_initializers
    Feature record: CXX_FEATURE:1cxx_alias_templates
    Feature record: CXX_FEATURE:1cxx_alignas
    Feature record: CXX_FEATURE:1cxx_alignof
    Feature record: CXX_FEATURE:1cxx_attributes
    Feature record: CXX_FEATURE:0cxx_attribute_deprecated
    Feature record: CXX_FEATURE:1cxx_auto_type
    Feature record: CXX_FEATURE:0cxx_binary_literals
    Feature record: CXX_FEATURE:1cxx_constexpr
    Feature record: CXX_FEATURE:0cxx_contextual_conversions
    Feature record: CXX_FEATURE:1cxx_decltype
    Feature record: CXX_FEATURE:0cxx_decltype_auto
    Feature record: CXX_FEATURE:1cxx_decltype_incomplete_return_types
    Feature record: CXX_FEATURE:1cxx_default_function_template_args
    Feature record: CXX_FEATURE:1cxx_defaulted_functions
    Feature record: CXX_FEATURE:1cxx_defaulted_move_initializers
    Feature record: CXX_FEATURE:1cxx_delegating_constructors
    Feature record: CXX_FEATURE:1cxx_deleted_functions
    Feature record: CXX_FEATURE:0cxx_digit_separators
    Feature record: CXX_FEATURE:1cxx_enum_forward_declarations
    Feature record: CXX_FEATURE:1cxx_explicit_conversions
    Feature record: CXX_FEATURE:1cxx_extended_friend_declarations
    Feature record: CXX_FEATURE:1cxx_extern_templates
    Feature record: CXX_FEATURE:1cxx_final
    Feature record: CXX_FEATURE:1cxx_func_identifier
    Feature record: CXX_FEATURE:1cxx_generalized_initializers
    Feature record: CXX_FEATURE:0cxx_generic_lambdas
    Feature record: CXX_FEATURE:1cxx_inheriting_constructors
    Feature record: CXX_FEATURE:1cxx_inline_namespaces
    Feature record: CXX_FEATURE:1cxx_lambdas
    Feature record: CXX_FEATURE:0cxx_lambda_init_captures
    Feature record: CXX_FEATURE:1cxx_local_type_template_args
    Feature record: CXX_FEATURE:1cxx_long_long_type
    Feature record: CXX_FEATURE:1cxx_noexcept
    Feature record: CXX_FEATURE:1cxx_nonstatic_member_init
    Feature record: CXX_FEATURE:1cxx_nullptr
    Feature record: CXX_FEATURE:1cxx_override
    Feature record: CXX_FEATURE:1cxx_range_for
    Feature record: CXX_FEATURE:1cxx_raw_string_literals
    Feature record: CXX_FEATURE:1cxx_reference_qualified_functions
    Feature record: CXX_FEATURE:0cxx_relaxed_constexpr
    Feature record: CXX_FEATURE:0cxx_return_type_deduction
    Feature record: CXX_FEATURE:1cxx_right_angle_brackets
    Feature record: CXX_FEATURE:1cxx_rvalue_references
    Feature record: CXX_FEATURE:1cxx_sizeof_member
    Feature record: CXX_FEATURE:1cxx_static_assert
    Feature record: CXX_FEATURE:1cxx_strong_enums
    Feature record: CXX_FEATURE:1cxx_template_template_parameters
    Feature record: CXX_FEATURE:1cxx_thread_local
    Feature record: CXX_FEATURE:1cxx_trailing_return_types
    Feature record: CXX_FEATURE:1cxx_unicode_literals
    Feature record: CXX_FEATURE:1cxx_uniform_initialization
    Feature record: CXX_FEATURE:1cxx_unrestricted_unions
    Feature record: CXX_FEATURE:1cxx_user_literals
    Feature record: CXX_FEATURE:0cxx_variable_templates
    Feature record: CXX_FEATURE:1cxx_variadic_macros
    Feature record: CXX_FEATURE:1cxx_variadic_templates


Detecting CXX [-std=c++98] compiler features compiled with the following output:
Change Dir: /home/rd7/work/c_cpp/sitec-c-cpp/can/build/CMakeFiles/CMakeTmp

Run Build Command:"/usr/bin/make" "cmTC_25e7c/fast"
/usr/bin/make -f CMakeFiles/cmTC_25e7c.dir/build.make CMakeFiles/cmTC_25e7c.dir/build
make[1]: Verzeichnis „/home/rd7/work/c_cpp/sitec-c-cpp/can/build/CMakeFiles/CMakeTmp“ wird betreten
Building CXX object CMakeFiles/cmTC_25e7c.dir/feature_tests.cxx.o
/opt/poky/2.1/sysroots/x86_64-pokysdk-linux/usr/bin/arm-poky-linux-gnueabi/arm-poky-linux-gnueabi-g++   -march=armv7-a -mfpu=neon  -mfloat-abi=hard -mcpu=cortex-a9 --sysroot=/opt/poky/2.1/sysroots/cortexa9hf-neon-poky-linux-gnueabi    -O2 -pipe -g -feliminate-unused-debug-types -fdebug-prefix-map=/home/rd4/work/bsp/s4_stable/build/tmp/work/x86_64-nativesdk-pokysdk-linux/meta-environment-s4/1.0-r8=/usr/src/debug/meta-environment-s4/1.0-r8 -fdebug-prefix-map=/home/rd4/work/bsp/s4_stable/build/tmp/sysroots/x86_64-linux= -fdebug-prefix-map=/home/rd4/work/bsp/s4_stable/build/tmp/sysroots/x86_64-nativesdk-pokysdk-linux=      -std=c++98 -o CMakeFiles/cmTC_25e7c.dir/feature_tests.cxx.o -c /home/rd7/work/c_cpp/sitec-c-cpp/can/build/CMakeFiles/feature_tests.cxx
Linking CXX executable cmTC_25e7c
/usr/bin/cmake -E cmake_link_script CMakeFiles/cmTC_25e7c.dir/link.txt --verbose=1
/opt/poky/2.1/sysroots/x86_64-pokysdk-linux/usr/bin/arm-poky-linux-gnueabi/arm-poky-linux-gnueabi-g++   -march=armv7-a -mfpu=neon  -mfloat-abi=hard -mcpu=cortex-a9 --sysroot=/opt/poky/2.1/sysroots/cortexa9hf-neon-poky-linux-gnueabi   -O2 -pipe -g -feliminate-unused-debug-types -fdebug-prefix-map=/home/rd4/work/bsp/s4_stable/build/tmp/work/x86_64-nativesdk-pokysdk-linux/meta-environment-s4/1.0-r8=/usr/src/debug/meta-environment-s4/1.0-r8 -fdebug-prefix-map=/home/rd4/work/bsp/s4_stable/build/tmp/sysroots/x86_64-linux= -fdebug-prefix-map=/home/rd4/work/bsp/s4_stable/build/tmp/sysroots/x86_64-nativesdk-pokysdk-linux=      -Wl,-O1 -Wl,--hash-style=gnu -Wl,--as-needed  CMakeFiles/cmTC_25e7c.dir/feature_tests.cxx.o  -o cmTC_25e7c -rdynamic 
make[1]: Verzeichnis „/home/rd7/work/c_cpp/sitec-c-cpp/can/build/CMakeFiles/CMakeTmp“ wird verlassen


    Feature record: CXX_FEATURE:0cxx_aggregate_default_initializers
    Feature record: CXX_FEATURE:0cxx_alias_templates
    Feature record: CXX_FEATURE:0cxx_alignas
    Feature record: CXX_FEATURE:0cxx_alignof
    Feature record: CXX_FEATURE:0cxx_attributes
    Feature record: CXX_FEATURE:0cxx_attribute_deprecated
    Feature record: CXX_FEATURE:0cxx_auto_type
    Feature record: CXX_FEATURE:0cxx_binary_literals
    Feature record: CXX_FEATURE:0cxx_constexpr
    Feature record: CXX_FEATURE:0cxx_contextual_conversions
    Feature record: CXX_FEATURE:0cxx_decltype
    Feature record: CXX_FEATURE:0cxx_decltype_auto
    Feature record: CXX_FEATURE:0cxx_decltype_incomplete_return_types
    Feature record: CXX_FEATURE:0cxx_default_function_template_args
    Feature record: CXX_FEATURE:0cxx_defaulted_functions
    Feature record: CXX_FEATURE:0cxx_defaulted_move_initializers
    Feature record: CXX_FEATURE:0cxx_delegating_constructors
    Feature record: CXX_FEATURE:0cxx_deleted_functions
    Feature record: CXX_FEATURE:0cxx_digit_separators
    Feature record: CXX_FEATURE:0cxx_enum_forward_declarations
    Feature record: CXX_FEATURE:0cxx_explicit_conversions
    Feature record: CXX_FEATURE:0cxx_extended_friend_declarations
    Feature record: CXX_FEATURE:0cxx_extern_templates
    Feature record: CXX_FEATURE:0cxx_final
    Feature record: CXX_FEATURE:0cxx_func_identifier
    Feature record: CXX_FEATURE:0cxx_generalized_initializers
    Feature record: CXX_FEATURE:0cxx_generic_lambdas
    Feature record: CXX_FEATURE:0cxx_inheriting_constructors
    Feature record: CXX_FEATURE:0cxx_inline_namespaces
    Feature record: CXX_FEATURE:0cxx_lambdas
    Feature record: CXX_FEATURE:0cxx_lambda_init_captures
    Feature record: CXX_FEATURE:0cxx_local_type_template_args
    Feature record: CXX_FEATURE:0cxx_long_long_type
    Feature record: CXX_FEATURE:0cxx_noexcept
    Feature record: CXX_FEATURE:0cxx_nonstatic_member_init
    Feature record: CXX_FEATURE:0cxx_nullptr
    Feature record: CXX_FEATURE:0cxx_override
    Feature record: CXX_FEATURE:0cxx_range_for
    Feature record: CXX_FEATURE:0cxx_raw_string_literals
    Feature record: CXX_FEATURE:0cxx_reference_qualified_functions
    Feature record: CXX_FEATURE:0cxx_relaxed_constexpr
    Feature record: CXX_FEATURE:0cxx_return_type_deduction
    Feature record: CXX_FEATURE:0cxx_right_angle_brackets
    Feature record: CXX_FEATURE:0cxx_rvalue_references
    Feature record: CXX_FEATURE:0cxx_sizeof_member
    Feature record: CXX_FEATURE:0cxx_static_assert
    Feature record: CXX_FEATURE:0cxx_strong_enums
    Feature record: CXX_FEATURE:1cxx_template_template_parameters
    Feature record: CXX_FEATURE:0cxx_thread_local
    Feature record: CXX_FEATURE:0cxx_trailing_return_types
    Feature record: CXX_FEATURE:0cxx_unicode_literals
    Feature record: CXX_FEATURE:0cxx_uniform_initialization
    Feature record: CXX_FEATURE:0cxx_unrestricted_unions
    Feature record: CXX_FEATURE:0cxx_user_literals
    Feature record: CXX_FEATURE:0cxx_variable_templates
    Feature record: CXX_FEATURE:0cxx_variadic_macros
    Feature record: CXX_FEATURE:0cxx_variadic_templates
